{"/Users/alexbatis/Desktop/node-express-ts/src/app.ts": {"path":"/Users/alexbatis/Desktop/node-express-ts/src/app.ts","statementMap":{"0":{"start":{"line":2,"column":0},"end":{"line":2,"column":62}},"1":{"start":{"line":3,"column":16},"end":{"line":3,"column":34}},"2":{"start":{"line":4,"column":20},"end":{"line":4,"column":42}},"3":{"start":{"line":5,"column":16},"end":{"line":5,"column":42}},"4":{"start":{"line":6,"column":19},"end":{"line":6,"column":41}},"5":{"start":{"line":7,"column":15},"end":{"line":7,"column":32}},"6":{"start":{"line":8,"column":14},"end":{"line":8,"column":30}},"7":{"start":{"line":9,"column":15},"end":{"line":9,"column":32}},"8":{"start":{"line":10,"column":14},"end":{"line":10,"column":38}},"9":{"start":{"line":11,"column":14},"end":{"line":11,"column":38}},"10":{"start":{"line":12,"column":13},"end":{"line":12,"column":28}},"11":{"start":{"line":13,"column":17},"end":{"line":13,"column":36}},"12":{"start":{"line":14,"column":17},"end":{"line":14,"column":36}},"13":{"start":{"line":15,"column":25},"end":{"line":15,"column":53}},"14":{"start":{"line":16,"column":17},"end":{"line":16,"column":36}},"15":{"start":{"line":17,"column":19},"end":{"line":17,"column":33}},"16":{"start":{"line":19,"column":0},"end":{"line":19,"column":40}},"17":{"start":{"line":21,"column":23},"end":{"line":21,"column":52}},"18":{"start":{"line":22,"column":23},"end":{"line":22,"column":52}},"19":{"start":{"line":23,"column":22},"end":{"line":23,"column":50}},"20":{"start":{"line":24,"column":26},"end":{"line":24,"column":58}},"21":{"start":{"line":25,"column":23},"end":{"line":25,"column":52}},"22":{"start":{"line":26,"column":23},"end":{"line":26,"column":52}},"23":{"start":{"line":28,"column":23},"end":{"line":28,"column":51}},"24":{"start":{"line":30,"column":12},"end":{"line":30,"column":21}},"25":{"start":{"line":32,"column":17},"end":{"line":32,"column":41}},"26":{"start":{"line":33,"column":0},"end":{"line":33,"column":28}},"27":{"start":{"line":34,"column":0},"end":{"line":37,"column":3}},"28":{"start":{"line":35,"column":4},"end":{"line":35,"column":89}},"29":{"start":{"line":39,"column":0},"end":{"line":39,"column":42}},"30":{"start":{"line":40,"column":0},"end":{"line":40,"column":51}},"31":{"start":{"line":41,"column":0},"end":{"line":41,"column":30}},"32":{"start":{"line":42,"column":0},"end":{"line":42,"column":23}},"33":{"start":{"line":43,"column":0},"end":{"line":43,"column":23}},"34":{"start":{"line":44,"column":0},"end":{"line":44,"column":27}},"35":{"start":{"line":45,"column":0},"end":{"line":45,"column":51}},"36":{"start":{"line":46,"column":0},"end":{"line":46,"column":28}},"37":{"start":{"line":47,"column":0},"end":{"line":55,"column":4}},"38":{"start":{"line":56,"column":0},"end":{"line":56,"column":31}},"39":{"start":{"line":57,"column":0},"end":{"line":57,"column":28}},"40":{"start":{"line":58,"column":0},"end":{"line":58,"column":17}},"41":{"start":{"line":59,"column":0},"end":{"line":59,"column":36}},"42":{"start":{"line":60,"column":0},"end":{"line":60,"column":35}},"43":{"start":{"line":61,"column":0},"end":{"line":64,"column":3}},"44":{"start":{"line":62,"column":4},"end":{"line":62,"column":31}},"45":{"start":{"line":63,"column":4},"end":{"line":63,"column":11}},"46":{"start":{"line":65,"column":0},"end":{"line":79,"column":3}},"47":{"start":{"line":67,"column":4},"end":{"line":77,"column":5}},"48":{"start":{"line":72,"column":8},"end":{"line":72,"column":40}},"49":{"start":{"line":74,"column":9},"end":{"line":77,"column":5}},"50":{"start":{"line":76,"column":8},"end":{"line":76,"column":40}},"51":{"start":{"line":78,"column":4},"end":{"line":78,"column":11}},"52":{"start":{"line":80,"column":0},"end":{"line":80,"column":81}},"53":{"start":{"line":84,"column":0},"end":{"line":84,"column":35}},"54":{"start":{"line":85,"column":0},"end":{"line":85,"column":43}},"55":{"start":{"line":86,"column":0},"end":{"line":86,"column":45}},"56":{"start":{"line":87,"column":0},"end":{"line":87,"column":42}},"57":{"start":{"line":88,"column":0},"end":{"line":88,"column":45}},"58":{"start":{"line":89,"column":0},"end":{"line":89,"column":47}},"59":{"start":{"line":90,"column":0},"end":{"line":90,"column":50}},"60":{"start":{"line":91,"column":0},"end":{"line":91,"column":52}},"61":{"start":{"line":92,"column":0},"end":{"line":92,"column":45}},"62":{"start":{"line":93,"column":0},"end":{"line":93,"column":47}},"63":{"start":{"line":94,"column":0},"end":{"line":94,"column":50}},"64":{"start":{"line":95,"column":0},"end":{"line":95,"column":52}},"65":{"start":{"line":96,"column":0},"end":{"line":96,"column":79}},"66":{"start":{"line":97,"column":0},"end":{"line":97,"column":95}},"67":{"start":{"line":98,"column":0},"end":{"line":98,"column":97}},"68":{"start":{"line":99,"column":0},"end":{"line":99,"column":94}},"69":{"start":{"line":100,"column":0},"end":{"line":100,"column":100}},"70":{"start":{"line":104,"column":0},"end":{"line":104,"column":38}},"71":{"start":{"line":105,"column":0},"end":{"line":105,"column":113}},"72":{"start":{"line":109,"column":0},"end":{"line":109,"column":41}},"73":{"start":{"line":110,"column":0},"end":{"line":110,"column":43}},"74":{"start":{"line":114,"column":0},"end":{"line":114,"column":43}},"75":{"start":{"line":115,"column":0},"end":{"line":115,"column":47}},"76":{"start":{"line":116,"column":0},"end":{"line":116,"column":49}},"77":{"start":{"line":117,"column":0},"end":{"line":117,"column":49}},"78":{"start":{"line":118,"column":0},"end":{"line":118,"column":55}},"79":{"start":{"line":122,"column":0},"end":{"line":122,"column":101}},"80":{"start":{"line":123,"column":0},"end":{"line":125,"column":3}},"81":{"start":{"line":124,"column":4},"end":{"line":124,"column":46}},"82":{"start":{"line":126,"column":0},"end":{"line":126,"column":21}}},"fnMap":{"0":{"name":"(anonymous_0)","decl":{"start":{"line":34,"column":58},"end":{"line":34,"column":59}},"loc":{"start":{"line":34,"column":64},"end":{"line":34,"column":67}},"line":34},"1":{"name":"(anonymous_1)","decl":{"start":{"line":34,"column":75},"end":{"line":34,"column":76}},"loc":{"start":{"line":34,"column":82},"end":{"line":37,"column":1}},"line":34},"2":{"name":"(anonymous_2)","decl":{"start":{"line":61,"column":8},"end":{"line":61,"column":9}},"loc":{"start":{"line":61,"column":28},"end":{"line":64,"column":1}},"line":61},"3":{"name":"(anonymous_3)","decl":{"start":{"line":65,"column":8},"end":{"line":65,"column":9}},"loc":{"start":{"line":65,"column":28},"end":{"line":79,"column":1}},"line":65},"4":{"name":"(anonymous_4)","decl":{"start":{"line":123,"column":101},"end":{"line":123,"column":102}},"loc":{"start":{"line":123,"column":115},"end":{"line":125,"column":1}},"line":123}},"branchMap":{"0":{"loc":{"start":{"line":39,"column":16},"end":{"line":39,"column":40}},"type":"binary-expr","locations":[{"start":{"line":39,"column":16},"end":{"line":39,"column":32}},{"start":{"line":39,"column":36},"end":{"line":39,"column":40}}],"line":39},"1":{"loc":{"start":{"line":67,"column":4},"end":{"line":77,"column":5}},"type":"if","locations":[{"start":{"line":67,"column":4},"end":{"line":77,"column":5}},{"start":{"line":67,"column":4},"end":{"line":77,"column":5}}],"line":67},"2":{"loc":{"start":{"line":67,"column":8},"end":{"line":71,"column":29}},"type":"binary-expr","locations":[{"start":{"line":67,"column":8},"end":{"line":67,"column":17}},{"start":{"line":68,"column":8},"end":{"line":68,"column":29}},{"start":{"line":69,"column":8},"end":{"line":69,"column":30}},{"start":{"line":70,"column":8},"end":{"line":70,"column":34}},{"start":{"line":71,"column":8},"end":{"line":71,"column":29}}],"line":67},"3":{"loc":{"start":{"line":74,"column":9},"end":{"line":77,"column":5}},"type":"if","locations":[{"start":{"line":74,"column":9},"end":{"line":77,"column":5}},{"start":{"line":74,"column":9},"end":{"line":77,"column":5}}],"line":74},"4":{"loc":{"start":{"line":74,"column":13},"end":{"line":75,"column":30}},"type":"binary-expr","locations":[{"start":{"line":74,"column":13},"end":{"line":74,"column":21}},{"start":{"line":75,"column":8},"end":{"line":75,"column":30}}],"line":74},"5":{"loc":{"start":{"line":124,"column":17},"end":{"line":124,"column":44}},"type":"binary-expr","locations":[{"start":{"line":124,"column":17},"end":{"line":124,"column":37}},{"start":{"line":124,"column":41},"end":{"line":124,"column":44}}],"line":124}},"s":{"0":5,"1":5,"2":5,"3":5,"4":5,"5":5,"6":5,"7":5,"8":5,"9":5,"10":5,"11":5,"12":5,"13":5,"14":5,"15":5,"16":5,"17":5,"18":5,"19":5,"20":5,"21":5,"22":5,"23":5,"24":5,"25":5,"26":5,"27":5,"28":0,"29":5,"30":5,"31":5,"32":5,"33":5,"34":5,"35":5,"36":5,"37":5,"38":5,"39":5,"40":5,"41":5,"42":5,"43":5,"44":8,"45":8,"46":5,"47":8,"48":5,"49":3,"50":0,"51":8,"52":5,"53":5,"54":5,"55":5,"56":5,"57":5,"58":5,"59":5,"60":5,"61":5,"62":5,"63":5,"64":5,"65":5,"66":5,"67":5,"68":5,"69":5,"70":5,"71":5,"72":5,"73":5,"74":5,"75":5,"76":5,"77":5,"78":5,"79":5,"80":5,"81":0,"82":5},"f":{"0":5,"1":0,"2":8,"3":8,"4":0},"b":{"0":[5,5],"1":[5,3],"2":[8,8,6,5,5],"3":[0,3],"4":[3,0],"5":[0,0]},"inputSourceMap":{"version":3,"file":"app.js","sourceRoot":"","sources":["app.ts"],"names":[],"mappings":";;AAAA,mCAAmC;AACnC,2CAA2C,CAAE,sBAAsB;AACnE,2CAA2C;AAC3C,0CAA0C;AAC1C,iCAAiC;AACjC,+BAA+B;AAC/B,iCAAiC;AACjC,uCAAuC;AACvC,uCAAuC;AACvC,6BAA6B;AAC7B,qCAAqC;AACrC,qCAAqC;AACrC,sDAAsD;AACtD,qCAAqC;AAErC,MAAM,UAAU,GAAG,KAAK,CAAC,OAAO,CAAC,CAAC;AAElC,yFAAyF;AACzF,MAAM,CAAC,MAAM,CAAC,EAAE,IAAI,EAAE,cAAc,EAAE,CAAC,CAAC;AAExC,+BAA+B;AAC/B,qDAAqD;AACrD,qDAAqD;AACrD,mDAAmD;AACnD,2DAA2D;AAC3D,qDAAqD;AACrD,qDAAqD;AAGrD,sCAAsC;AACtC,oDAAoD;AAEpD,wBAAwB;AACxB,MAAM,GAAG,GAAG,OAAO,EAAE,CAAC;AAEtB,qBAAqB;AACrB,MAAM,QAAQ,GAAG,OAAO,CAAC,GAAG,CAAC,YAAY,CAAC;AACpC,QAAS,CAAC,OAAO,GAAG,QAAQ,CAAC;AACnC,QAAQ,CAAC,OAAO,CAAC,QAAQ,EAAE,EAAE,cAAc,EAAE,IAAI,EAAE,CAAC,CAAC,IAAI,CACvD,GAAG,EAAE,GAAgF,CAAC,CACvF,CAAC,KAAK,CAAC,GAAG,CAAC,EAAE;IACZ,OAAO,CAAC,GAAG,CAAC,iEAAiE,GAAG,GAAG,CAAC,CAAC;IACrF,kBAAkB;AACpB,CAAC,CAAC,CAAC;AAEH,wBAAwB;AACxB,GAAG,CAAC,GAAG,CAAC,MAAM,EAAE,OAAO,CAAC,GAAG,CAAC,IAAI,IAAI,IAAI,CAAC,CAAC;AAC1C,GAAG,CAAC,GAAG,CAAC,OAAO,EAAE,IAAI,CAAC,IAAI,CAAC,SAAS,EAAE,UAAU,CAAC,CAAC,CAAC;AACnD,GAAG,CAAC,GAAG,CAAC,aAAa,EAAE,KAAK,CAAC,CAAC;AAC9B,GAAG,CAAC,GAAG,CAAC,WAAW,EAAE,CAAC,CAAC;AACvB,GAAG,CAAC,GAAG,CAAC,MAAM,CAAC,KAAK,CAAC,CAAC,CAAC;AACvB,GAAG,CAAC,GAAG,CAAC,UAAU,CAAC,IAAI,EAAE,CAAC,CAAC;AAC3B,GAAG,CAAC,GAAG,CAAC,UAAU,CAAC,UAAU,CAAC,EAAE,QAAQ,EAAE,IAAI,EAAE,CAAC,CAAC,CAAC;AACnD,GAAG,CAAC,GAAG,CAAC,gBAAgB,EAAE,CAAC,CAAC;AAC5B,GAAG,CAAC,GAAG,CAAC,OAAO,CAAC;IACd,MAAM,EAAE,IAAI;IACZ,iBAAiB,EAAE,IAAI;IACvB,MAAM,EAAE,OAAO,CAAC,GAAG,CAAC,cAAc;IAClC,KAAK,EAAE,IAAI,UAAU,CAAC;QACpB,GAAG,EAAE,QAAQ;QACb,aAAa,EAAE,IAAI;KACpB,CAAC;CACH,CAAC,CAAC,CAAC;AACJ,GAAG,CAAC,GAAG,CAAC,QAAQ,CAAC,UAAU,EAAE,CAAC,CAAC;AAC/B,GAAG,CAAC,GAAG,CAAC,QAAQ,CAAC,OAAO,EAAE,CAAC,CAAC;AAC5B,GAAG,CAAC,GAAG,CAAC,KAAK,EAAE,CAAC,CAAC;AACjB,GAAG,CAAC,GAAG,CAAC,KAAK,CAAC,MAAM,CAAC,YAAY,CAAC,CAAC,CAAC;AACpC,GAAG,CAAC,GAAG,CAAC,KAAK,CAAC,aAAa,CAAC,IAAI,CAAC,CAAC,CAAC;AACnC,GAAG,CAAC,GAAG,CAAC,CAAC,GAAG,EAAE,GAAG,EAAE,IAAI,EAAE,EAAE;IACzB,GAAG,CAAC,MAAM,CAAC,IAAI,GAAG,GAAG,CAAC,IAAI,CAAC;IAC3B,IAAI,EAAE,CAAC;AACT,CAAC,CAAC,CAAC;AACH,GAAG,CAAC,GAAG,CAAC,CAAC,GAAG,EAAE,GAAG,EAAE,IAAI,EAAE,EAAE;IACzB,6DAA6D;IAC7D,EAAE,CAAC,CAAC,CAAC,GAAG,CAAC,IAAI;QACX,GAAG,CAAC,IAAI,KAAK,QAAQ;QACrB,GAAG,CAAC,IAAI,KAAK,SAAS;QACtB,CAAC,GAAG,CAAC,IAAI,CAAC,KAAK,CAAC,SAAS,CAAC;QAC1B,CAAC,GAAG,CAAC,IAAI,CAAC,KAAK,CAAC,IAAI,CAAC,CAAC,CAAC,CAAC;QACxB,GAAG,CAAC,OAAO,CAAC,QAAQ,GAAG,GAAG,CAAC,IAAI,CAAC;IAClC,CAAC;IAAC,IAAI,CAAC,EAAE,CAAC,CAAC,GAAG,CAAC,IAAI;QACjB,GAAG,CAAC,IAAI,IAAI,UAAU,CAAC,CAAC,CAAC;QACzB,GAAG,CAAC,OAAO,CAAC,QAAQ,GAAG,GAAG,CAAC,IAAI,CAAC;IAClC,CAAC;IACD,IAAI,EAAE,CAAC;AACT,CAAC,CAAC,CAAC;AACH,GAAG,CAAC,GAAG,CAAC,OAAO,CAAC,MAAM,CAAC,IAAI,CAAC,IAAI,CAAC,SAAS,EAAE,QAAQ,CAAC,EAAE,EAAE,MAAM,EAAE,WAAW,EAAE,CAAC,CAAC,CAAC;AAEjF;;GAEG;AACH,GAAG,CAAC,GAAG,CAAC,GAAG,EAAE,cAAc,CAAC,KAAK,CAAC,CAAC;AACnC,GAAG,CAAC,GAAG,CAAC,QAAQ,EAAE,cAAc,CAAC,QAAQ,CAAC,CAAC;AAC3C,GAAG,CAAC,IAAI,CAAC,QAAQ,EAAE,cAAc,CAAC,SAAS,CAAC,CAAC;AAC7C,GAAG,CAAC,GAAG,CAAC,SAAS,EAAE,cAAc,CAAC,MAAM,CAAC,CAAC;AAC1C,GAAG,CAAC,GAAG,CAAC,SAAS,EAAE,cAAc,CAAC,SAAS,CAAC,CAAC;AAC7C,GAAG,CAAC,IAAI,CAAC,SAAS,EAAE,cAAc,CAAC,UAAU,CAAC,CAAC;AAC/C,GAAG,CAAC,GAAG,CAAC,eAAe,EAAE,cAAc,CAAC,QAAQ,CAAC,CAAC;AAClD,GAAG,CAAC,IAAI,CAAC,eAAe,EAAE,cAAc,CAAC,SAAS,CAAC,CAAC;AACpD,GAAG,CAAC,GAAG,CAAC,SAAS,EAAE,cAAc,CAAC,SAAS,CAAC,CAAC;AAC7C,GAAG,CAAC,IAAI,CAAC,SAAS,EAAE,cAAc,CAAC,UAAU,CAAC,CAAC;AAC/C,GAAG,CAAC,GAAG,CAAC,UAAU,EAAE,iBAAiB,CAAC,UAAU,CAAC,CAAC;AAClD,GAAG,CAAC,IAAI,CAAC,UAAU,EAAE,iBAAiB,CAAC,WAAW,CAAC,CAAC;AACpD,GAAG,CAAC,GAAG,CAAC,UAAU,EAAE,cAAc,CAAC,eAAe,EAAE,cAAc,CAAC,UAAU,CAAC,CAAC;AAC/E,GAAG,CAAC,IAAI,CAAC,kBAAkB,EAAE,cAAc,CAAC,eAAe,EAAE,cAAc,CAAC,iBAAiB,CAAC,CAAC;AAC/F,GAAG,CAAC,IAAI,CAAC,mBAAmB,EAAE,cAAc,CAAC,eAAe,EAAE,cAAc,CAAC,kBAAkB,CAAC,CAAC;AACjG,GAAG,CAAC,IAAI,CAAC,iBAAiB,EAAE,cAAc,CAAC,eAAe,EAAE,cAAc,CAAC,iBAAiB,CAAC,CAAC;AAC9F,GAAG,CAAC,GAAG,CAAC,2BAA2B,EAAE,cAAc,CAAC,eAAe,EAAE,cAAc,CAAC,cAAc,CAAC,CAAC;AAEpG;;GAEG;AACH,GAAG,CAAC,GAAG,CAAC,MAAM,EAAE,aAAa,CAAC,MAAM,CAAC,CAAC;AACtC,GAAG,CAAC,GAAG,CAAC,eAAe,EAAE,cAAc,CAAC,eAAe,EAAE,cAAc,CAAC,YAAY,EAAE,aAAa,CAAC,WAAW,CAAC,CAAC;AAEjH;;GAEG;AACH,GAAG,CAAC,GAAG,CAAC,OAAO,EAAE,cAAc,CAAC,OAAO,CAAC,CAAC;AACzC,GAAG,CAAC,IAAI,CAAC,OAAO,EAAE,cAAc,CAAC,QAAQ,CAAC,CAAC;AAE3C;;GAEG;AACH,GAAG,CAAC,GAAG,CAAC,QAAQ,EAAE,cAAc,CAAC,QAAQ,CAAC,CAAC;AAC3C,GAAG,CAAC,IAAI,CAAC,OAAO,EAAE,cAAc,CAAC,YAAY,CAAC,CAAC;AAC/C,GAAG,CAAC,GAAG,CAAC,WAAW,EAAE,cAAc,CAAC,WAAW,CAAC,CAAC;AACjD,GAAG,CAAC,GAAG,CAAC,WAAW,EAAE,cAAc,CAAC,WAAW,CAAC,CAAC;AACjD,GAAG,CAAC,MAAM,CAAC,WAAW,EAAE,cAAc,CAAC,cAAc,CAAC,CAAC;AAGvD;;GAEG;AACH,GAAG,CAAC,GAAG,CAAC,gBAAgB,EAAE,QAAQ,CAAC,YAAY,CAAC,UAAU,EAAE,EAAE,KAAK,EAAE,CAAC,OAAO,EAAE,gBAAgB,CAAC,EAAE,CAAC,CAAC,CAAC;AACrG,GAAG,CAAC,GAAG,CAAC,yBAAyB,EAAE,QAAQ,CAAC,YAAY,CAAC,UAAU,EAAE,EAAE,eAAe,EAAE,QAAQ,EAAE,CAAC,EAAE,CAAC,GAAG,EAAE,GAAG,EAAE,EAAE;IAChH,GAAG,CAAC,QAAQ,CAAC,GAAG,CAAC,OAAO,CAAC,QAAQ,IAAI,GAAG,CAAC,CAAC;AAC5C,CAAC,CAAC,CAAC;AAEH,MAAM,CAAC,OAAO,GAAG,GAAG,CAAC","sourcesContent":["import * as express from \"express\";\nimport * as compression from \"compression\";  // compresses requests\nimport * as session from \"express-session\";\nimport * as bodyParser from \"body-parser\";\nimport * as logger from \"morgan\";\nimport * as lusca from \"lusca\";\nimport * as dotenv from \"dotenv\";\nimport * as mongo from \"connect-mongo\";\nimport * as flash from \"express-flash\";\nimport * as path from \"path\";\nimport * as mongoose from \"mongoose\";\nimport * as passport from \"passport\";\nimport * as expressValidator from \"express-validator\";\nimport * as bluebird from \"bluebird\";\n\nconst MongoStore = mongo(session);\n\n// Load environment variables from .env file, where API keys and passwords are configured\ndotenv.config({ path: \".env.example\" });\n\n// Controllers (route handlers)\nimport * as homeController from \"./controllers/home\";\nimport * as userController from \"./controllers/user\";\nimport * as apiController from \"./controllers/api\";\nimport * as contactController from \"./controllers/contact\";\nimport * as testController from \"./controllers/test\";\nimport * as todoController from \"./controllers/todo\";\n\n\n// API keys and Passport configuration\nimport * as passportConfig from \"./config/passport\";\n\n// Create Express server\nconst app = express();\n\n// Connect to MongoDB\nconst mongoUrl = process.env.MONGOLAB_URI;\n(<any>mongoose).Promise = bluebird;\nmongoose.connect(mongoUrl, { useMongoClient: true }).then(\n  () => { /** ready to use. The `mongoose.connect()` promise resolves to undefined. */ },\n).catch(err => {\n  console.log(\"MongoDB connection error. Please make sure MongoDB is running. \" + err);\n  // process.exit();\n});\n\n// Express configuration\napp.set(\"port\", process.env.PORT || 3000);\napp.set(\"views\", path.join(__dirname, \"../views\"));\napp.set(\"view engine\", \"pug\");\napp.use(compression());\napp.use(logger(\"dev\"));\napp.use(bodyParser.json());\napp.use(bodyParser.urlencoded({ extended: true }));\napp.use(expressValidator());\napp.use(session({\n  resave: true,\n  saveUninitialized: true,\n  secret: process.env.SESSION_SECRET,\n  store: new MongoStore({\n    url: mongoUrl,\n    autoReconnect: true\n  })\n}));\napp.use(passport.initialize());\napp.use(passport.session());\napp.use(flash());\napp.use(lusca.xframe(\"SAMEORIGIN\"));\napp.use(lusca.xssProtection(true));\napp.use((req, res, next) => {\n  res.locals.user = req.user;\n  next();\n});\napp.use((req, res, next) => {\n  // After successful login, redirect back to the intended page\n  if (!req.user &&\n    req.path !== \"/login\" &&\n    req.path !== \"/signup\" &&\n    !req.path.match(/^\\/auth/) &&\n    !req.path.match(/\\./)) {\n    req.session.returnTo = req.path;\n  } else if (req.user &&\n    req.path == \"/account\") {\n    req.session.returnTo = req.path;\n  }\n  next();\n});\napp.use(express.static(path.join(__dirname, \"public\"), { maxAge: 31557600000 }));\n\n/**\n * Primary app routes.\n */\napp.get(\"/\", homeController.index);\napp.get(\"/login\", userController.getLogin);\napp.post(\"/login\", userController.postLogin);\napp.get(\"/logout\", userController.logout);\napp.get(\"/forgot\", userController.getForgot);\napp.post(\"/forgot\", userController.postForgot);\napp.get(\"/reset/:token\", userController.getReset);\napp.post(\"/reset/:token\", userController.postReset);\napp.get(\"/signup\", userController.getSignup);\napp.post(\"/signup\", userController.postSignup);\napp.get(\"/contact\", contactController.getContact);\napp.post(\"/contact\", contactController.postContact);\napp.get(\"/account\", passportConfig.isAuthenticated, userController.getAccount);\napp.post(\"/account/profile\", passportConfig.isAuthenticated, userController.postUpdateProfile);\napp.post(\"/account/password\", passportConfig.isAuthenticated, userController.postUpdatePassword);\napp.post(\"/account/delete\", passportConfig.isAuthenticated, userController.postDeleteAccount);\napp.get(\"/account/unlink/:provider\", passportConfig.isAuthenticated, userController.getOauthUnlink);\n\n/**\n * API examples routes.\n */\napp.get(\"/api\", apiController.getApi);\napp.get(\"/api/facebook\", passportConfig.isAuthenticated, passportConfig.isAuthorized, apiController.getFacebook);\n\n/**\n * test examples routes.\n */\napp.get(\"/test\", testController.getTest);\napp.post(\"/test\", testController.postTest);\n\n/**\n * todos routes.\n */\napp.get(\"/todos\", todoController.getTodos);\napp.post(\"/todo\", todoController.postTodoItem);\napp.get(\"/todo/:id\", todoController.getTodoItem);\napp.put(\"/todo/:id\", todoController.putTodoItem);\napp.delete(\"/todo/:id\", todoController.deleteTodoItem);\n\n\n/**\n * OAuth authentication routes. (Sign in)\n */\napp.get(\"/auth/facebook\", passport.authenticate(\"facebook\", { scope: [\"email\", \"public_profile\"] }));\napp.get(\"/auth/facebook/callback\", passport.authenticate(\"facebook\", { failureRedirect: \"/login\" }), (req, res) => {\n  res.redirect(req.session.returnTo || \"/\");\n});\n\nmodule.exports = app;"]},"_coverageSchema":"332fd63041d2c1bcb487cc26dd0d5f7d97098a6c","hash":"50d56a6f1058f84ac08c4802eccb69195b934852"}
,"/Users/alexbatis/Desktop/node-express-ts/src/config/passport.ts": {"path":"/Users/alexbatis/Desktop/node-express-ts/src/config/passport.ts","statementMap":{"0":{"start":{"line":2,"column":0},"end":{"line":2,"column":62}},"1":{"start":{"line":3,"column":17},"end":{"line":3,"column":36}},"2":{"start":{"line":4,"column":22},"end":{"line":4,"column":47}},"3":{"start":{"line":5,"column":25},"end":{"line":5,"column":53}},"4":{"start":{"line":6,"column":10},"end":{"line":6,"column":27}},"5":{"start":{"line":8,"column":15},"end":{"line":8,"column":46}},"6":{"start":{"line":9,"column":22},"end":{"line":9,"column":44}},"7":{"start":{"line":10,"column":25},"end":{"line":10,"column":50}},"8":{"start":{"line":11,"column":0},"end":{"line":13,"column":3}},"9":{"start":{"line":12,"column":4},"end":{"line":12,"column":29}},"10":{"start":{"line":14,"column":0},"end":{"line":18,"column":3}},"11":{"start":{"line":15,"column":4},"end":{"line":17,"column":7}},"12":{"start":{"line":16,"column":8},"end":{"line":16,"column":24}},"13":{"start":{"line":22,"column":0},"end":{"line":40,"column":4}},"14":{"start":{"line":23,"column":4},"end":{"line":39,"column":7}},"15":{"start":{"line":24,"column":8},"end":{"line":26,"column":9}},"16":{"start":{"line":25,"column":12},"end":{"line":25,"column":29}},"17":{"start":{"line":27,"column":8},"end":{"line":29,"column":9}},"18":{"start":{"line":28,"column":12},"end":{"line":28,"column":84}},"19":{"start":{"line":30,"column":8},"end":{"line":38,"column":11}},"20":{"start":{"line":31,"column":12},"end":{"line":33,"column":13}},"21":{"start":{"line":32,"column":16},"end":{"line":32,"column":33}},"22":{"start":{"line":34,"column":12},"end":{"line":36,"column":13}},"23":{"start":{"line":35,"column":16},"end":{"line":35,"column":45}},"24":{"start":{"line":37,"column":12},"end":{"line":37,"column":85}},"25":{"start":{"line":58,"column":0},"end":{"line":124,"column":4}},"26":{"start":{"line":65,"column":4},"end":{"line":123,"column":5}},"27":{"start":{"line":66,"column":8},"end":{"line":90,"column":11}},"28":{"start":{"line":67,"column":12},"end":{"line":69,"column":13}},"29":{"start":{"line":68,"column":16},"end":{"line":68,"column":33}},"30":{"start":{"line":70,"column":12},"end":{"line":89,"column":13}},"31":{"start":{"line":71,"column":16},"end":{"line":71,"column":185}},"32":{"start":{"line":72,"column":16},"end":{"line":72,"column":26}},"33":{"start":{"line":75,"column":16},"end":{"line":88,"column":19}},"34":{"start":{"line":76,"column":20},"end":{"line":78,"column":21}},"35":{"start":{"line":77,"column":24},"end":{"line":77,"column":41}},"36":{"start":{"line":79,"column":20},"end":{"line":79,"column":47}},"37":{"start":{"line":80,"column":20},"end":{"line":80,"column":72}},"38":{"start":{"line":81,"column":20},"end":{"line":81,"column":116}},"39":{"start":{"line":82,"column":20},"end":{"line":82,"column":86}},"40":{"start":{"line":83,"column":20},"end":{"line":83,"column":129}},"41":{"start":{"line":84,"column":20},"end":{"line":87,"column":23}},"42":{"start":{"line":85,"column":24},"end":{"line":85,"column":88}},"43":{"start":{"line":86,"column":24},"end":{"line":86,"column":40}},"44":{"start":{"line":93,"column":8},"end":{"line":122,"column":11}},"45":{"start":{"line":94,"column":12},"end":{"line":96,"column":13}},"46":{"start":{"line":95,"column":16},"end":{"line":95,"column":33}},"47":{"start":{"line":97,"column":12},"end":{"line":99,"column":13}},"48":{"start":{"line":98,"column":16},"end":{"line":98,"column":53}},"49":{"start":{"line":100,"column":12},"end":{"line":121,"column":15}},"50":{"start":{"line":101,"column":16},"end":{"line":103,"column":17}},"51":{"start":{"line":102,"column":20},"end":{"line":102,"column":37}},"52":{"start":{"line":104,"column":16},"end":{"line":120,"column":17}},"53":{"start":{"line":105,"column":20},"end":{"line":105,"column":188}},"54":{"start":{"line":106,"column":20},"end":{"line":106,"column":30}},"55":{"start":{"line":109,"column":33},"end":{"line":109,"column":53}},"56":{"start":{"line":110,"column":20},"end":{"line":110,"column":53}},"57":{"start":{"line":111,"column":20},"end":{"line":111,"column":47}},"58":{"start":{"line":112,"column":20},"end":{"line":112,"column":72}},"59":{"start":{"line":113,"column":20},"end":{"line":113,"column":95}},"60":{"start":{"line":114,"column":20},"end":{"line":114,"column":63}},"61":{"start":{"line":115,"column":20},"end":{"line":115,"column":105}},"62":{"start":{"line":116,"column":20},"end":{"line":116,"column":104}},"63":{"start":{"line":117,"column":20},"end":{"line":119,"column":23}},"64":{"start":{"line":118,"column":24},"end":{"line":118,"column":40}},"65":{"start":{"line":128,"column":0},"end":{"line":133,"column":2}},"66":{"start":{"line":129,"column":4},"end":{"line":131,"column":5}},"67":{"start":{"line":130,"column":8},"end":{"line":130,"column":22}},"68":{"start":{"line":132,"column":4},"end":{"line":132,"column":27}},"69":{"start":{"line":137,"column":0},"end":{"line":145,"column":2}},"70":{"start":{"line":138,"column":21},"end":{"line":138,"column":53}},"71":{"start":{"line":139,"column":4},"end":{"line":144,"column":5}},"72":{"start":{"line":140,"column":8},"end":{"line":140,"column":15}},"73":{"start":{"line":143,"column":8},"end":{"line":143,"column":42}}},"fnMap":{"0":{"name":"(anonymous_0)","decl":{"start":{"line":11,"column":23},"end":{"line":11,"column":24}},"loc":{"start":{"line":11,"column":39},"end":{"line":13,"column":1}},"line":11},"1":{"name":"(anonymous_1)","decl":{"start":{"line":14,"column":25},"end":{"line":14,"column":26}},"loc":{"start":{"line":14,"column":39},"end":{"line":18,"column":1}},"line":14},"2":{"name":"(anonymous_2)","decl":{"start":{"line":15,"column":32},"end":{"line":15,"column":33}},"loc":{"start":{"line":15,"column":47},"end":{"line":17,"column":5}},"line":15},"3":{"name":"(anonymous_3)","decl":{"start":{"line":22,"column":59},"end":{"line":22,"column":60}},"loc":{"start":{"line":22,"column":86},"end":{"line":40,"column":1}},"line":22},"4":{"name":"(anonymous_4)","decl":{"start":{"line":23,"column":59},"end":{"line":23,"column":60}},"loc":{"start":{"line":23,"column":74},"end":{"line":39,"column":5}},"line":23},"5":{"name":"(anonymous_5)","decl":{"start":{"line":30,"column":39},"end":{"line":30,"column":40}},"loc":{"start":{"line":30,"column":57},"end":{"line":38,"column":9}},"line":30},"6":{"name":"(anonymous_6)","decl":{"start":{"line":64,"column":3},"end":{"line":64,"column":4}},"loc":{"start":{"line":64,"column":54},"end":{"line":124,"column":1}},"line":64},"7":{"name":"(anonymous_7)","decl":{"start":{"line":66,"column":57},"end":{"line":66,"column":58}},"loc":{"start":{"line":66,"column":80},"end":{"line":90,"column":9}},"line":66},"8":{"name":"(anonymous_8)","decl":{"start":{"line":75,"column":53},"end":{"line":75,"column":54}},"loc":{"start":{"line":75,"column":68},"end":{"line":88,"column":17}},"line":75},"9":{"name":"(anonymous_9)","decl":{"start":{"line":84,"column":30},"end":{"line":84,"column":31}},"loc":{"start":{"line":84,"column":39},"end":{"line":87,"column":21}},"line":84},"10":{"name":"(anonymous_10)","decl":{"start":{"line":93,"column":57},"end":{"line":93,"column":58}},"loc":{"start":{"line":93,"column":80},"end":{"line":122,"column":9}},"line":93},"11":{"name":"(anonymous_11)","decl":{"start":{"line":100,"column":67},"end":{"line":100,"column":68}},"loc":{"start":{"line":100,"column":95},"end":{"line":121,"column":13}},"line":100},"12":{"name":"(anonymous_12)","decl":{"start":{"line":117,"column":30},"end":{"line":117,"column":31}},"loc":{"start":{"line":117,"column":39},"end":{"line":119,"column":21}},"line":117},"13":{"name":"(anonymous_13)","decl":{"start":{"line":128,"column":26},"end":{"line":128,"column":27}},"loc":{"start":{"line":128,"column":46},"end":{"line":133,"column":1}},"line":128},"14":{"name":"(anonymous_14)","decl":{"start":{"line":137,"column":23},"end":{"line":137,"column":24}},"loc":{"start":{"line":137,"column":43},"end":{"line":145,"column":1}},"line":137}},"branchMap":{"0":{"loc":{"start":{"line":24,"column":8},"end":{"line":26,"column":9}},"type":"if","locations":[{"start":{"line":24,"column":8},"end":{"line":26,"column":9}},{"start":{"line":24,"column":8},"end":{"line":26,"column":9}}],"line":24},"1":{"loc":{"start":{"line":27,"column":8},"end":{"line":29,"column":9}},"type":"if","locations":[{"start":{"line":27,"column":8},"end":{"line":29,"column":9}},{"start":{"line":27,"column":8},"end":{"line":29,"column":9}}],"line":27},"2":{"loc":{"start":{"line":31,"column":12},"end":{"line":33,"column":13}},"type":"if","locations":[{"start":{"line":31,"column":12},"end":{"line":33,"column":13}},{"start":{"line":31,"column":12},"end":{"line":33,"column":13}}],"line":31},"3":{"loc":{"start":{"line":34,"column":12},"end":{"line":36,"column":13}},"type":"if","locations":[{"start":{"line":34,"column":12},"end":{"line":36,"column":13}},{"start":{"line":34,"column":12},"end":{"line":36,"column":13}}],"line":34},"4":{"loc":{"start":{"line":65,"column":4},"end":{"line":123,"column":5}},"type":"if","locations":[{"start":{"line":65,"column":4},"end":{"line":123,"column":5}},{"start":{"line":65,"column":4},"end":{"line":123,"column":5}}],"line":65},"5":{"loc":{"start":{"line":67,"column":12},"end":{"line":69,"column":13}},"type":"if","locations":[{"start":{"line":67,"column":12},"end":{"line":69,"column":13}},{"start":{"line":67,"column":12},"end":{"line":69,"column":13}}],"line":67},"6":{"loc":{"start":{"line":70,"column":12},"end":{"line":89,"column":13}},"type":"if","locations":[{"start":{"line":70,"column":12},"end":{"line":89,"column":13}},{"start":{"line":70,"column":12},"end":{"line":89,"column":13}}],"line":70},"7":{"loc":{"start":{"line":76,"column":20},"end":{"line":78,"column":21}},"type":"if","locations":[{"start":{"line":76,"column":20},"end":{"line":78,"column":21}},{"start":{"line":76,"column":20},"end":{"line":78,"column":21}}],"line":76},"8":{"loc":{"start":{"line":81,"column":40},"end":{"line":81,"column":115}},"type":"binary-expr","locations":[{"start":{"line":81,"column":40},"end":{"line":81,"column":57}},{"start":{"line":81,"column":61},"end":{"line":81,"column":115}}],"line":81},"9":{"loc":{"start":{"line":82,"column":42},"end":{"line":82,"column":85}},"type":"binary-expr","locations":[{"start":{"line":82,"column":42},"end":{"line":82,"column":61}},{"start":{"line":82,"column":65},"end":{"line":82,"column":85}}],"line":82},"10":{"loc":{"start":{"line":83,"column":43},"end":{"line":83,"column":128}},"type":"binary-expr","locations":[{"start":{"line":83,"column":43},"end":{"line":83,"column":63}},{"start":{"line":83,"column":67},"end":{"line":83,"column":128}}],"line":83},"11":{"loc":{"start":{"line":94,"column":12},"end":{"line":96,"column":13}},"type":"if","locations":[{"start":{"line":94,"column":12},"end":{"line":96,"column":13}},{"start":{"line":94,"column":12},"end":{"line":96,"column":13}}],"line":94},"12":{"loc":{"start":{"line":97,"column":12},"end":{"line":99,"column":13}},"type":"if","locations":[{"start":{"line":97,"column":12},"end":{"line":99,"column":13}},{"start":{"line":97,"column":12},"end":{"line":99,"column":13}}],"line":97},"13":{"loc":{"start":{"line":101,"column":16},"end":{"line":103,"column":17}},"type":"if","locations":[{"start":{"line":101,"column":16},"end":{"line":103,"column":17}},{"start":{"line":101,"column":16},"end":{"line":103,"column":17}}],"line":101},"14":{"loc":{"start":{"line":104,"column":16},"end":{"line":120,"column":17}},"type":"if","locations":[{"start":{"line":104,"column":16},"end":{"line":120,"column":17}},{"start":{"line":104,"column":16},"end":{"line":120,"column":17}}],"line":104},"15":{"loc":{"start":{"line":116,"column":44},"end":{"line":116,"column":103}},"type":"cond-expr","locations":[{"start":{"line":116,"column":71},"end":{"line":116,"column":98}},{"start":{"line":116,"column":101},"end":{"line":116,"column":103}}],"line":116},"16":{"loc":{"start":{"line":129,"column":4},"end":{"line":131,"column":5}},"type":"if","locations":[{"start":{"line":129,"column":4},"end":{"line":131,"column":5}},{"start":{"line":129,"column":4},"end":{"line":131,"column":5}}],"line":129},"17":{"loc":{"start":{"line":139,"column":4},"end":{"line":144,"column":5}},"type":"if","locations":[{"start":{"line":139,"column":4},"end":{"line":144,"column":5}},{"start":{"line":139,"column":4},"end":{"line":144,"column":5}}],"line":139}},"s":{"0":5,"1":5,"2":5,"3":5,"4":5,"5":5,"6":5,"7":5,"8":5,"9":0,"10":5,"11":0,"12":0,"13":5,"14":0,"15":0,"16":0,"17":0,"18":0,"19":0,"20":0,"21":0,"22":0,"23":0,"24":0,"25":5,"26":0,"27":0,"28":0,"29":0,"30":0,"31":0,"32":0,"33":0,"34":0,"35":0,"36":0,"37":0,"38":0,"39":0,"40":0,"41":0,"42":0,"43":0,"44":0,"45":0,"46":0,"47":0,"48":0,"49":0,"50":0,"51":0,"52":0,"53":0,"54":0,"55":0,"56":0,"57":0,"58":0,"59":0,"60":0,"61":0,"62":0,"63":0,"64":0,"65":5,"66":0,"67":0,"68":0,"69":5,"70":0,"71":0,"72":0,"73":0},"f":{"0":0,"1":0,"2":0,"3":0,"4":0,"5":0,"6":0,"7":0,"8":0,"9":0,"10":0,"11":0,"12":0,"13":0,"14":0},"b":{"0":[0,0],"1":[0,0],"2":[0,0],"3":[0,0],"4":[0,0],"5":[0,0],"6":[0,0],"7":[0,0],"8":[0,0],"9":[0,0],"10":[0,0],"11":[0,0],"12":[0,0],"13":[0,0],"14":[0,0],"15":[0,0],"16":[0,0],"17":[0,0]},"inputSourceMap":{"version":3,"file":"passport.js","sourceRoot":"","sources":["passport.ts"],"names":[],"mappings":";;AAAA,qCAAqC;AAErC,gDAAgD;AAChD,sDAAsD;AACtD,4BAA4B;AAE5B,mDAAmD;AACnD,+CAAuD;AAGvD,MAAM,aAAa,GAAG,aAAa,CAAC,QAAQ,CAAC;AAC7C,MAAM,gBAAgB,GAAG,gBAAgB,CAAC,QAAQ,CAAC;AAEnD,QAAQ,CAAC,aAAa,CAAW,CAAC,IAAI,EAAE,IAAI,EAAE,EAAE;IAC9C,IAAI,CAAC,SAAS,EAAE,IAAI,CAAC,EAAE,CAAC,CAAC;AAC3B,CAAC,CAAC,CAAC;AAEH,QAAQ,CAAC,eAAe,CAAC,CAAC,EAAE,EAAE,IAAI,EAAE,EAAE;IACpC,cAAI,CAAC,QAAQ,CAAC,EAAE,EAAE,CAAC,GAAG,EAAE,IAAI,EAAE,EAAE;QAC9B,IAAI,CAAC,GAAG,EAAE,IAAI,CAAC,CAAC;IAClB,CAAC,CAAC,CAAC;AACL,CAAC,CAAC,CAAC;AAGH;;GAEG;AACH,QAAQ,CAAC,GAAG,CAAC,IAAI,aAAa,CAAC,EAAE,aAAa,EAAE,OAAO,EAAE,EAAE,CAAC,KAAK,EAAE,QAAQ,EAAE,IAAI,EAAE,EAAE;IACnF,cAAI,CAAC,OAAO,CAAC,EAAE,KAAK,EAAE,KAAK,CAAC,WAAW,EAAE,EAAE,EAAE,CAAC,GAAG,EAAE,IAAS,EAAE,EAAE;QAC9D,EAAE,CAAC,CAAC,GAAG,CAAC,CAAC,CAAC;YAAC,MAAM,CAAC,IAAI,CAAC,GAAG,CAAC,CAAC;QAAC,CAAC;QAC9B,EAAE,CAAC,CAAC,CAAC,IAAI,CAAC,CAAC,CAAC;YACV,MAAM,CAAC,IAAI,CAAC,SAAS,EAAE,KAAK,EAAE,EAAE,OAAO,EAAE,SAAS,KAAK,aAAa,EAAE,CAAC,CAAC;QAC1E,CAAC;QACD,IAAI,CAAC,eAAe,CAAC,QAAQ,EAAE,CAAC,GAAU,EAAE,OAAgB,EAAE,EAAE;YAC9D,EAAE,CAAC,CAAC,GAAG,CAAC,CAAC,CAAC;gBAAC,MAAM,CAAC,IAAI,CAAC,GAAG,CAAC,CAAC;YAAC,CAAC;YAC9B,EAAE,CAAC,CAAC,OAAO,CAAC,CAAC,CAAC;gBACZ,MAAM,CAAC,IAAI,CAAC,SAAS,EAAE,IAAI,CAAC,CAAC;YAC/B,CAAC;YACD,MAAM,CAAC,IAAI,CAAC,SAAS,EAAE,KAAK,EAAE,EAAE,OAAO,EAAE,4BAA4B,EAAE,CAAC,CAAC;QAC3E,CAAC,CAAC,CAAC;IACL,CAAC,CAAC,CAAC;AACL,CAAC,CAAC,CAAC,CAAC;AAGJ;;;;;;;;;;;;;GAaG;AAGH;;GAEG;AACH,QAAQ,CAAC,GAAG,CAAC,IAAI,gBAAgB,CAAC;IAChC,QAAQ,EAAE,OAAO,CAAC,GAAG,CAAC,WAAW;IACjC,YAAY,EAAE,OAAO,CAAC,GAAG,CAAC,eAAe;IACzC,WAAW,EAAE,yBAAyB;IACtC,aAAa,EAAE,CAAC,MAAM,EAAE,OAAO,EAAE,MAAM,EAAE,QAAQ,EAAE,UAAU,CAAC;IAC9D,iBAAiB,EAAE,IAAI;CACxB,EAAE,CAAC,GAAQ,EAAE,WAAW,EAAE,YAAY,EAAE,OAAO,EAAE,IAAI,EAAE,EAAE;IACxD,EAAE,CAAC,CAAC,GAAG,CAAC,IAAI,CAAC,CAAC,CAAC;QACb,cAAI,CAAC,OAAO,CAAC,EAAE,QAAQ,EAAE,OAAO,CAAC,EAAE,EAAE,EAAE,CAAC,GAAG,EAAE,YAAY,EAAE,EAAE;YAC3D,EAAE,CAAC,CAAC,GAAG,CAAC,CAAC,CAAC;gBAAC,MAAM,CAAC,IAAI,CAAC,GAAG,CAAC,CAAC;YAAC,CAAC;YAC9B,EAAE,CAAC,CAAC,YAAY,CAAC,CAAC,CAAC;gBACjB,GAAG,CAAC,KAAK,CAAC,QAAQ,EAAE,EAAE,GAAG,EAAE,0IAA0I,EAAE,CAAC,CAAC;gBACzK,IAAI,CAAC,GAAG,CAAC,CAAC;YACZ,CAAC;YAAC,IAAI,CAAC,CAAC;gBACN,cAAI,CAAC,QAAQ,CAAC,GAAG,CAAC,IAAI,CAAC,EAAE,EAAE,CAAC,GAAG,EAAE,IAAS,EAAE,EAAE;oBAC5C,EAAE,CAAC,CAAC,GAAG,CAAC,CAAC,CAAC;wBAAC,MAAM,CAAC,IAAI,CAAC,GAAG,CAAC,CAAC;oBAAC,CAAC;oBAC9B,IAAI,CAAC,QAAQ,GAAG,OAAO,CAAC,EAAE,CAAC;oBAC3B,IAAI,CAAC,MAAM,CAAC,IAAI,CAAC,EAAE,IAAI,EAAE,UAAU,EAAE,WAAW,EAAE,CAAC,CAAC;oBACpD,IAAI,CAAC,OAAO,CAAC,IAAI,GAAG,IAAI,CAAC,OAAO,CAAC,IAAI,IAAI,GAAG,OAAO,CAAC,IAAI,CAAC,SAAS,IAAI,OAAO,CAAC,IAAI,CAAC,UAAU,EAAE,CAAC;oBAChG,IAAI,CAAC,OAAO,CAAC,MAAM,GAAG,IAAI,CAAC,OAAO,CAAC,MAAM,IAAI,OAAO,CAAC,KAAK,CAAC,MAAM,CAAC;oBAClE,IAAI,CAAC,OAAO,CAAC,OAAO,GAAG,IAAI,CAAC,OAAO,CAAC,OAAO,IAAI,8BAA8B,OAAO,CAAC,EAAE,qBAAqB,CAAC;oBAC7G,IAAI,CAAC,IAAI,CAAC,CAAC,GAAU,EAAE,EAAE;wBACvB,GAAG,CAAC,KAAK,CAAC,MAAM,EAAE,EAAE,GAAG,EAAE,mCAAmC,EAAE,CAAC,CAAC;wBAChE,IAAI,CAAC,GAAG,EAAE,IAAI,CAAC,CAAC;oBAClB,CAAC,CAAC,CAAC;gBACL,CAAC,CAAC,CAAC;YACL,CAAC;QACH,CAAC,CAAC,CAAC;IACL,CAAC;IAAC,IAAI,CAAC,CAAC;QACN,cAAI,CAAC,OAAO,CAAC,EAAE,QAAQ,EAAE,OAAO,CAAC,EAAE,EAAE,EAAE,CAAC,GAAG,EAAE,YAAY,EAAE,EAAE;YAC3D,EAAE,CAAC,CAAC,GAAG,CAAC,CAAC,CAAC;gBAAC,MAAM,CAAC,IAAI,CAAC,GAAG,CAAC,CAAC;YAAC,CAAC;YAC9B,EAAE,CAAC,CAAC,YAAY,CAAC,CAAC,CAAC;gBACjB,MAAM,CAAC,IAAI,CAAC,SAAS,EAAE,YAAY,CAAC,CAAC;YACvC,CAAC;YACD,cAAI,CAAC,OAAO,CAAC,EAAE,KAAK,EAAE,OAAO,CAAC,KAAK,CAAC,KAAK,EAAE,EAAE,CAAC,GAAG,EAAE,iBAAiB,EAAE,EAAE;gBACtE,EAAE,CAAC,CAAC,GAAG,CAAC,CAAC,CAAC;oBAAC,MAAM,CAAC,IAAI,CAAC,GAAG,CAAC,CAAC;gBAAC,CAAC;gBAC9B,EAAE,CAAC,CAAC,iBAAiB,CAAC,CAAC,CAAC;oBACtB,GAAG,CAAC,KAAK,CAAC,QAAQ,EAAE,EAAE,GAAG,EAAE,yIAAyI,EAAE,CAAC,CAAC;oBACxK,IAAI,CAAC,GAAG,CAAC,CAAC;gBACZ,CAAC;gBAAC,IAAI,CAAC,CAAC;oBACN,MAAM,IAAI,GAAQ,IAAI,cAAI,EAAE,CAAC;oBAC7B,IAAI,CAAC,KAAK,GAAG,OAAO,CAAC,KAAK,CAAC,KAAK,CAAC;oBACjC,IAAI,CAAC,QAAQ,GAAG,OAAO,CAAC,EAAE,CAAC;oBAC3B,IAAI,CAAC,MAAM,CAAC,IAAI,CAAC,EAAE,IAAI,EAAE,UAAU,EAAE,WAAW,EAAE,CAAC,CAAC;oBACpD,IAAI,CAAC,OAAO,CAAC,IAAI,GAAG,GAAG,OAAO,CAAC,IAAI,CAAC,SAAS,IAAI,OAAO,CAAC,IAAI,CAAC,UAAU,EAAE,CAAC;oBAC3E,IAAI,CAAC,OAAO,CAAC,MAAM,GAAG,OAAO,CAAC,KAAK,CAAC,MAAM,CAAC;oBAC3C,IAAI,CAAC,OAAO,CAAC,OAAO,GAAG,8BAA8B,OAAO,CAAC,EAAE,qBAAqB,CAAC;oBACrF,IAAI,CAAC,OAAO,CAAC,QAAQ,GAAG,CAAC,OAAO,CAAC,KAAK,CAAC,QAAQ,CAAC,CAAC,CAAC,CAAC,OAAO,CAAC,KAAK,CAAC,QAAQ,CAAC,IAAI,CAAC,CAAC,CAAC,EAAE,CAAC;oBACpF,IAAI,CAAC,IAAI,CAAC,CAAC,GAAU,EAAE,EAAE;wBACvB,IAAI,CAAC,GAAG,EAAE,IAAI,CAAC,CAAC;oBAClB,CAAC,CAAC,CAAC;gBACL,CAAC;YACH,CAAC,CAAC,CAAC;QACL,CAAC,CAAC,CAAC;IACL,CAAC;AACH,CAAC,CAAC,CAAC,CAAC;AAEJ;;GAEG;AACQ,QAAA,eAAe,GAAG,CAAC,GAAY,EAAE,GAAa,EAAE,IAAkB,EAAE,EAAE;IAC/E,EAAE,CAAC,CAAC,GAAG,CAAC,eAAe,EAAE,CAAC,CAAC,CAAC;QAC1B,MAAM,CAAC,IAAI,EAAE,CAAC;IAChB,CAAC;IACD,GAAG,CAAC,QAAQ,CAAC,QAAQ,CAAC,CAAC;AACzB,CAAC,CAAC;AAEF;;GAEG;AACQ,QAAA,YAAY,GAAG,CAAC,GAAY,EAAE,GAAa,EAAE,IAAkB,EAAE,EAAE;IAC5E,MAAM,QAAQ,GAAG,GAAG,CAAC,IAAI,CAAC,KAAK,CAAC,GAAG,CAAC,CAAC,KAAK,CAAC,CAAC,CAAC,CAAC,CAAC,CAAC,CAAC,CAAC;IAElD,EAAE,CAAC,CAAC,CAAC,CAAC,IAAI,CAAC,GAAG,CAAC,IAAI,CAAC,MAAM,EAAE,EAAE,IAAI,EAAE,QAAQ,EAAE,CAAC,CAAC,CAAC,CAAC;QAChD,IAAI,EAAE,CAAC;IACT,CAAC;IAAC,IAAI,CAAC,CAAC;QACN,GAAG,CAAC,QAAQ,CAAC,SAAS,QAAQ,EAAE,CAAC,CAAC;IACpC,CAAC;AACH,CAAC,CAAC","sourcesContent":["import * as passport from \"passport\";\nimport * as request from \"request\";\nimport * as passportLocal from \"passport-local\";\nimport * as passportFacebook from \"passport-facebook\";\nimport * as _ from \"lodash\";\n\n// import { User, UserType } from '../models/User';\nimport { default as User } from \"../models/mongo/User\";\nimport { Request, Response, NextFunction } from \"express\";\n\nconst LocalStrategy = passportLocal.Strategy;\nconst FacebookStrategy = passportFacebook.Strategy;\n\npassport.serializeUser<any, any>((user, done) => {\n  done(undefined, user.id);\n});\n\npassport.deserializeUser((id, done) => {\n  User.findById(id, (err, user) => {\n    done(err, user);\n  });\n});\n\n\n/**\n * Sign in using Email and Password.\n */\npassport.use(new LocalStrategy({ usernameField: \"email\" }, (email, password, done) => {\n  User.findOne({ email: email.toLowerCase() }, (err, user: any) => {\n    if (err) { return done(err); }\n    if (!user) {\n      return done(undefined, false, { message: `Email ${email} not found.` });\n    }\n    user.comparePassword(password, (err: Error, isMatch: boolean) => {\n      if (err) { return done(err); }\n      if (isMatch) {\n        return done(undefined, user);\n      }\n      return done(undefined, false, { message: \"Invalid email or password.\" });\n    });\n  });\n}));\n\n\n/**\n * OAuth Strategy Overview\n *\n * - User is already logged in.\n *   - Check if there is an existing account with a provider id.\n *     - If there is, return an error message. (Account merging not supported)\n *     - Else link new OAuth account with currently logged-in user.\n * - User is not logged in.\n *   - Check if it's a returning user.\n *     - If returning user, sign in and we are done.\n *     - Else check if there is an existing account with user's email.\n *       - If there is, return an error message.\n *       - Else create a new account.\n */\n\n\n/**\n * Sign in with Facebook.\n */\npassport.use(new FacebookStrategy({\n  clientID: process.env.FACEBOOK_ID,\n  clientSecret: process.env.FACEBOOK_SECRET,\n  callbackURL: \"/auth/facebook/callback\",\n  profileFields: [\"name\", \"email\", \"link\", \"locale\", \"timezone\"],\n  passReqToCallback: true\n}, (req: any, accessToken, refreshToken, profile, done) => {\n  if (req.user) {\n    User.findOne({ facebook: profile.id }, (err, existingUser) => {\n      if (err) { return done(err); }\n      if (existingUser) {\n        req.flash(\"errors\", { msg: \"There is already a Facebook account that belongs to you. Sign in with that account or delete it, then link it with your current account.\" });\n        done(err);\n      } else {\n        User.findById(req.user.id, (err, user: any) => {\n          if (err) { return done(err); }\n          user.facebook = profile.id;\n          user.tokens.push({ kind: \"facebook\", accessToken });\n          user.profile.name = user.profile.name || `${profile.name.givenName} ${profile.name.familyName}`;\n          user.profile.gender = user.profile.gender || profile._json.gender;\n          user.profile.picture = user.profile.picture || `https://graph.facebook.com/${profile.id}/picture?type=large`;\n          user.save((err: Error) => {\n            req.flash(\"info\", { msg: \"Facebook account has been linked.\" });\n            done(err, user);\n          });\n        });\n      }\n    });\n  } else {\n    User.findOne({ facebook: profile.id }, (err, existingUser) => {\n      if (err) { return done(err); }\n      if (existingUser) {\n        return done(undefined, existingUser);\n      }\n      User.findOne({ email: profile._json.email }, (err, existingEmailUser) => {\n        if (err) { return done(err); }\n        if (existingEmailUser) {\n          req.flash(\"errors\", { msg: \"There is already an account using this email address. Sign in to that account and link it with Facebook manually from Account Settings.\" });\n          done(err);\n        } else {\n          const user: any = new User();\n          user.email = profile._json.email;\n          user.facebook = profile.id;\n          user.tokens.push({ kind: \"facebook\", accessToken });\n          user.profile.name = `${profile.name.givenName} ${profile.name.familyName}`;\n          user.profile.gender = profile._json.gender;\n          user.profile.picture = `https://graph.facebook.com/${profile.id}/picture?type=large`;\n          user.profile.location = (profile._json.location) ? profile._json.location.name : \"\";\n          user.save((err: Error) => {\n            done(err, user);\n          });\n        }\n      });\n    });\n  }\n}));\n\n/**\n * Login Required middleware.\n */\nexport let isAuthenticated = (req: Request, res: Response, next: NextFunction) => {\n  if (req.isAuthenticated()) {\n    return next();\n  }\n  res.redirect(\"/login\");\n};\n\n/**\n * Authorization Required middleware.\n */\nexport let isAuthorized = (req: Request, res: Response, next: NextFunction) => {\n  const provider = req.path.split(\"/\").slice(-1)[0];\n\n  if (_.find(req.user.tokens, { kind: provider })) {\n    next();\n  } else {\n    res.redirect(`/auth/${provider}`);\n  }\n};\n"]},"_coverageSchema":"332fd63041d2c1bcb487cc26dd0d5f7d97098a6c","hash":"93184d6af454f424ca7ddc10257b10893166d11e"}
,"/Users/alexbatis/Desktop/node-express-ts/src/controllers/api.ts": {"path":"/Users/alexbatis/Desktop/node-express-ts/src/controllers/api.ts","statementMap":{"0":{"start":{"line":2,"column":0},"end":{"line":2,"column":62}},"1":{"start":{"line":3,"column":14},"end":{"line":3,"column":32}},"2":{"start":{"line":8,"column":0},"end":{"line":12,"column":2}},"3":{"start":{"line":9,"column":4},"end":{"line":11,"column":7}},"4":{"start":{"line":17,"column":0},"end":{"line":29,"column":2}},"5":{"start":{"line":18,"column":18},"end":{"line":18,"column":76}},"6":{"start":{"line":18,"column":50},"end":{"line":18,"column":75}},"7":{"start":{"line":19,"column":4},"end":{"line":19,"column":44}},"8":{"start":{"line":20,"column":4},"end":{"line":28,"column":7}},"9":{"start":{"line":21,"column":8},"end":{"line":23,"column":9}},"10":{"start":{"line":22,"column":12},"end":{"line":22,"column":29}},"11":{"start":{"line":24,"column":8},"end":{"line":27,"column":11}}},"fnMap":{"0":{"name":"(anonymous_0)","decl":{"start":{"line":8,"column":17},"end":{"line":8,"column":18}},"loc":{"start":{"line":8,"column":31},"end":{"line":12,"column":1}},"line":8},"1":{"name":"(anonymous_1)","decl":{"start":{"line":17,"column":22},"end":{"line":17,"column":23}},"loc":{"start":{"line":17,"column":42},"end":{"line":29,"column":1}},"line":17},"2":{"name":"(anonymous_2)","decl":{"start":{"line":18,"column":39},"end":{"line":18,"column":40}},"loc":{"start":{"line":18,"column":50},"end":{"line":18,"column":75}},"line":18},"3":{"name":"(anonymous_3)","decl":{"start":{"line":20,"column":108},"end":{"line":20,"column":109}},"loc":{"start":{"line":20,"column":126},"end":{"line":28,"column":5}},"line":20}},"branchMap":{"0":{"loc":{"start":{"line":21,"column":8},"end":{"line":23,"column":9}},"type":"if","locations":[{"start":{"line":21,"column":8},"end":{"line":23,"column":9}},{"start":{"line":21,"column":8},"end":{"line":23,"column":9}}],"line":21}},"s":{"0":5,"1":5,"2":5,"3":1,"4":5,"5":0,"6":0,"7":0,"8":0,"9":0,"10":0,"11":0},"f":{"0":1,"1":0,"2":0,"3":0},"b":{"0":[0,0]},"inputSourceMap":{"version":3,"file":"api.js","sourceRoot":"","sources":["api.ts"],"names":[],"mappings":"AAAA,YAAY,CAAC;;AAIb,iCAAiC;AAIjC;;;GAGG;AACQ,QAAA,MAAM,GAAG,CAAC,GAAY,EAAE,GAAa,EAAE,EAAE;IAClD,GAAG,CAAC,MAAM,CAAC,WAAW,EAAE;QACtB,KAAK,EAAE,cAAc;KACtB,CAAC,CAAC;AACL,CAAC,CAAC;AAEF;;;GAGG;AACQ,QAAA,WAAW,GAAG,CAAC,GAAY,EAAE,GAAa,EAAE,IAAkB,EAAE,EAAE;IAC3E,MAAM,KAAK,GAAG,GAAG,CAAC,IAAI,CAAC,MAAM,CAAC,IAAI,CAAC,CAAC,KAAU,EAAE,EAAE,CAAC,KAAK,CAAC,IAAI,KAAK,UAAU,CAAC,CAAC;IAC9E,KAAK,CAAC,cAAc,CAAC,KAAK,CAAC,WAAW,CAAC,CAAC;IACxC,KAAK,CAAC,GAAG,CAAC,GAAG,GAAG,CAAC,IAAI,CAAC,QAAQ,wEAAwE,EAAE,CAAC,GAAU,EAAE,OAA2B,EAAE,EAAE;QAClJ,EAAE,CAAC,CAAC,GAAG,CAAC,CAAC,CAAC;YAAC,MAAM,CAAC,IAAI,CAAC,GAAG,CAAC,CAAC;QAAC,CAAC;QAC9B,GAAG,CAAC,MAAM,CAAC,cAAc,EAAE;YACzB,KAAK,EAAE,cAAc;YACrB,OAAO,EAAE,OAAO;SACjB,CAAC,CAAC;IACL,CAAC,CAAC,CAAC;AACL,CAAC,CAAC","sourcesContent":["\"use strict\";\n\nimport * as async from \"async\";\nimport * as request from \"request\";\nimport * as graph from \"fbgraph\";\nimport { Response, Request, NextFunction } from \"express\";\n\n\n/**\n * GET /api\n * List of API examples.\n */\nexport let getApi = (req: Request, res: Response) => {\n  res.render(\"api/index\", {\n    title: \"API Examples\"\n  });\n};\n\n/**\n * GET /api/facebook\n * Facebook API example.\n */\nexport let getFacebook = (req: Request, res: Response, next: NextFunction) => {\n  const token = req.user.tokens.find((token: any) => token.kind === \"facebook\");\n  graph.setAccessToken(token.accessToken);\n  graph.get(`${req.user.facebook}?fields=id,name,email,first_name,last_name,gender,link,locale,timezone`, (err: Error, results: graph.FacebookUser) => {\n    if (err) { return next(err); }\n    res.render(\"api/facebook\", {\n      title: \"Facebook API\",\n      profile: results\n    });\n  });\n};\n"]},"_coverageSchema":"332fd63041d2c1bcb487cc26dd0d5f7d97098a6c","hash":"45dd40223f88c7003bda7e31ad13ff1afa649675"}
,"/Users/alexbatis/Desktop/node-express-ts/src/controllers/contact.ts": {"path":"/Users/alexbatis/Desktop/node-express-ts/src/controllers/contact.ts","statementMap":{"0":{"start":{"line":2,"column":0},"end":{"line":2,"column":62}},"1":{"start":{"line":3,"column":19},"end":{"line":3,"column":40}},"2":{"start":{"line":4,"column":20},"end":{"line":10,"column":2}},"3":{"start":{"line":15,"column":0},"end":{"line":19,"column":2}},"4":{"start":{"line":16,"column":4},"end":{"line":18,"column":7}},"5":{"start":{"line":24,"column":0},"end":{"line":47,"column":2}},"6":{"start":{"line":25,"column":4},"end":{"line":25,"column":58}},"7":{"start":{"line":26,"column":4},"end":{"line":26,"column":56}},"8":{"start":{"line":27,"column":4},"end":{"line":27,"column":64}},"9":{"start":{"line":28,"column":19},"end":{"line":28,"column":41}},"10":{"start":{"line":29,"column":4},"end":{"line":32,"column":5}},"11":{"start":{"line":30,"column":8},"end":{"line":30,"column":36}},"12":{"start":{"line":31,"column":8},"end":{"line":31,"column":40}},"13":{"start":{"line":33,"column":24},"end":{"line":38,"column":5}},"14":{"start":{"line":39,"column":4},"end":{"line":46,"column":7}},"15":{"start":{"line":40,"column":8},"end":{"line":43,"column":9}},"16":{"start":{"line":41,"column":12},"end":{"line":41,"column":54}},"17":{"start":{"line":42,"column":12},"end":{"line":42,"column":44}},"18":{"start":{"line":44,"column":8},"end":{"line":44,"column":75}},"19":{"start":{"line":45,"column":8},"end":{"line":45,"column":33}}},"fnMap":{"0":{"name":"(anonymous_0)","decl":{"start":{"line":15,"column":21},"end":{"line":15,"column":22}},"loc":{"start":{"line":15,"column":35},"end":{"line":19,"column":1}},"line":15},"1":{"name":"(anonymous_1)","decl":{"start":{"line":24,"column":22},"end":{"line":24,"column":23}},"loc":{"start":{"line":24,"column":36},"end":{"line":47,"column":1}},"line":24},"2":{"name":"(anonymous_2)","decl":{"start":{"line":39,"column":38},"end":{"line":39,"column":39}},"loc":{"start":{"line":39,"column":47},"end":{"line":46,"column":5}},"line":39}},"branchMap":{"0":{"loc":{"start":{"line":29,"column":4},"end":{"line":32,"column":5}},"type":"if","locations":[{"start":{"line":29,"column":4},"end":{"line":32,"column":5}},{"start":{"line":29,"column":4},"end":{"line":32,"column":5}}],"line":29},"1":{"loc":{"start":{"line":40,"column":8},"end":{"line":43,"column":9}},"type":"if","locations":[{"start":{"line":40,"column":8},"end":{"line":43,"column":9}},{"start":{"line":40,"column":8},"end":{"line":43,"column":9}}],"line":40}},"s":{"0":5,"1":5,"2":5,"3":5,"4":1,"5":5,"6":1,"7":1,"8":1,"9":1,"10":1,"11":1,"12":1,"13":0,"14":0,"15":0,"16":0,"17":0,"18":0,"19":0},"f":{"0":1,"1":1,"2":0},"b":{"0":[1,0],"1":[0,0]},"inputSourceMap":{"version":3,"file":"contact.js","sourceRoot":"","sources":["contact.ts"],"names":[],"mappings":";;AAAA,yCAAyC;AAGzC,MAAM,WAAW,GAAG,UAAU,CAAC,eAAe,CAAC;IAC7C,OAAO,EAAE,UAAU;IACnB,IAAI,EAAE;QACJ,IAAI,EAAE,OAAO,CAAC,GAAG,CAAC,aAAa;QAC/B,IAAI,EAAE,OAAO,CAAC,GAAG,CAAC,iBAAiB;KACpC;CACF,CAAC,CAAC;AAEH;;;GAGG;AACQ,QAAA,UAAU,GAAG,CAAC,GAAY,EAAE,GAAa,EAAE,EAAE;IACtD,GAAG,CAAC,MAAM,CAAC,SAAS,EAAE;QACpB,KAAK,EAAE,SAAS;KACjB,CAAC,CAAC;AACL,CAAC,CAAC;AAEF;;;GAGG;AACQ,QAAA,WAAW,GAAG,CAAC,GAAY,EAAE,GAAa,EAAE,EAAE;IACvD,GAAG,CAAC,MAAM,CAAC,MAAM,EAAE,sBAAsB,CAAC,CAAC,QAAQ,EAAE,CAAC;IACtD,GAAG,CAAC,MAAM,CAAC,OAAO,EAAE,oBAAoB,CAAC,CAAC,OAAO,EAAE,CAAC;IACpD,GAAG,CAAC,MAAM,CAAC,SAAS,EAAE,yBAAyB,CAAC,CAAC,QAAQ,EAAE,CAAC;IAE5D,MAAM,MAAM,GAAG,GAAG,CAAC,gBAAgB,EAAE,CAAC;IAEtC,EAAE,CAAC,CAAC,MAAM,CAAC,CAAC,CAAC;QACX,GAAG,CAAC,KAAK,CAAC,QAAQ,EAAE,MAAM,CAAC,CAAC;QAC5B,MAAM,CAAC,GAAG,CAAC,QAAQ,CAAC,UAAU,CAAC,CAAC;IAClC,CAAC;IAED,MAAM,WAAW,GAAG;QAClB,EAAE,EAAE,gBAAgB;QACpB,IAAI,EAAE,GAAG,GAAG,CAAC,IAAI,CAAC,IAAI,KAAK,GAAG,CAAC,IAAI,CAAC,KAAK,GAAG;QAC5C,OAAO,EAAE,cAAc;QACvB,IAAI,EAAE,GAAG,CAAC,IAAI,CAAC,OAAO;KACvB,CAAC;IAEF,WAAW,CAAC,QAAQ,CAAC,WAAW,EAAE,CAAC,GAAG,EAAE,EAAE;QACxC,EAAE,CAAC,CAAC,GAAG,CAAC,CAAC,CAAC;YACR,GAAG,CAAC,KAAK,CAAC,QAAQ,EAAE,EAAE,GAAG,EAAE,GAAG,CAAC,OAAO,EAAE,CAAC,CAAC;YAC1C,MAAM,CAAC,GAAG,CAAC,QAAQ,CAAC,UAAU,CAAC,CAAC;QAClC,CAAC;QACD,GAAG,CAAC,KAAK,CAAC,SAAS,EAAE,EAAE,GAAG,EAAE,mCAAmC,EAAE,CAAC,CAAC;QACnE,GAAG,CAAC,QAAQ,CAAC,UAAU,CAAC,CAAC;IAC3B,CAAC,CAAC,CAAC;AACL,CAAC,CAAC","sourcesContent":["import * as nodemailer from \"nodemailer\";\nimport { Request, Response } from \"express\";\n\nconst transporter = nodemailer.createTransport({\n  service: \"SendGrid\",\n  auth: {\n    user: process.env.SENDGRID_USER,\n    pass: process.env.SENDGRID_PASSWORD\n  }\n});\n\n/**\n * GET /contact\n * Contact form page.\n */\nexport let getContact = (req: Request, res: Response) => {\n  res.render(\"contact\", {\n    title: \"Contact\"\n  });\n};\n\n/**\n * POST /contact\n * Send a contact form via Nodemailer.\n */\nexport let postContact = (req: Request, res: Response) => {\n  req.assert(\"name\", \"Name cannot be blank\").notEmpty();\n  req.assert(\"email\", \"Email is not valid\").isEmail();\n  req.assert(\"message\", \"Message cannot be blank\").notEmpty();\n\n  const errors = req.validationErrors();\n\n  if (errors) {\n    req.flash(\"errors\", errors);\n    return res.redirect(\"/contact\");\n  }\n\n  const mailOptions = {\n    to: \"your@email.com\",\n    from: `${req.body.name} <${req.body.email}>`,\n    subject: \"Contact Form\",\n    text: req.body.message\n  };\n\n  transporter.sendMail(mailOptions, (err) => {\n    if (err) {\n      req.flash(\"errors\", { msg: err.message });\n      return res.redirect(\"/contact\");\n    }\n    req.flash(\"success\", { msg: \"Email has been sent successfully!\" });\n    res.redirect(\"/contact\");\n  });\n};\n"]},"_coverageSchema":"332fd63041d2c1bcb487cc26dd0d5f7d97098a6c","hash":"8454ecb516a950deaf33d6ea171a1d327ecb93c5"}
,"/Users/alexbatis/Desktop/node-express-ts/src/controllers/home.ts": {"path":"/Users/alexbatis/Desktop/node-express-ts/src/controllers/home.ts","statementMap":{"0":{"start":{"line":2,"column":0},"end":{"line":2,"column":62}},"1":{"start":{"line":7,"column":0},"end":{"line":11,"column":2}},"2":{"start":{"line":8,"column":4},"end":{"line":10,"column":7}}},"fnMap":{"0":{"name":"(anonymous_0)","decl":{"start":{"line":7,"column":16},"end":{"line":7,"column":17}},"loc":{"start":{"line":7,"column":30},"end":{"line":11,"column":1}},"line":7}},"branchMap":{},"s":{"0":5,"1":5,"2":1},"f":{"0":1},"b":{},"inputSourceMap":{"version":3,"file":"home.js","sourceRoot":"","sources":["home.ts"],"names":[],"mappings":";;AAEA;;;GAGG;AACQ,QAAA,KAAK,GAAG,CAAC,GAAY,EAAE,GAAa,EAAE,EAAE;IACjD,GAAG,CAAC,MAAM,CAAC,MAAM,EAAE;QACjB,KAAK,EAAE,MAAM;KACd,CAAC,CAAC;AACL,CAAC,CAAC","sourcesContent":["import { Request, Response } from \"express\";\n\n/**\n * GET /\n * Home page.\n */\nexport let index = (req: Request, res: Response) => {\n  res.render(\"home\", {\n    title: \"Home\"\n  });\n};\n"]},"_coverageSchema":"332fd63041d2c1bcb487cc26dd0d5f7d97098a6c","hash":"1431c8bdda8d8b1925bf7d36e1440081b8484eb6"}
,"/Users/alexbatis/Desktop/node-express-ts/src/controllers/test.ts": {"path":"/Users/alexbatis/Desktop/node-express-ts/src/controllers/test.ts","statementMap":{"0":{"start":{"line":2,"column":0},"end":{"line":2,"column":62}},"1":{"start":{"line":3,"column":15},"end":{"line":3,"column":40}},"2":{"start":{"line":8,"column":0},"end":{"line":14,"column":2}},"3":{"start":{"line":9,"column":17},"end":{"line":12,"column":6}},"4":{"start":{"line":13,"column":4},"end":{"line":13,"column":19}},"5":{"start":{"line":15,"column":0},"end":{"line":25,"column":2}},"6":{"start":{"line":16,"column":4},"end":{"line":16,"column":78}},"7":{"start":{"line":17,"column":4},"end":{"line":17,"column":78}},"8":{"start":{"line":18,"column":4},"end":{"line":18,"column":85}},"9":{"start":{"line":19,"column":4},"end":{"line":19,"column":78}},"10":{"start":{"line":20,"column":19},"end":{"line":20,"column":41}},"11":{"start":{"line":21,"column":4},"end":{"line":24,"column":25}},"12":{"start":{"line":22,"column":8},"end":{"line":22,"column":37}},"13":{"start":{"line":24,"column":8},"end":{"line":24,"column":25}}},"fnMap":{"0":{"name":"(anonymous_0)","decl":{"start":{"line":8,"column":18},"end":{"line":8,"column":19}},"loc":{"start":{"line":8,"column":32},"end":{"line":14,"column":1}},"line":8},"1":{"name":"(anonymous_1)","decl":{"start":{"line":15,"column":19},"end":{"line":15,"column":20}},"loc":{"start":{"line":15,"column":33},"end":{"line":25,"column":1}},"line":15}},"branchMap":{"0":{"loc":{"start":{"line":21,"column":4},"end":{"line":24,"column":25}},"type":"if","locations":[{"start":{"line":21,"column":4},"end":{"line":24,"column":25}},{"start":{"line":21,"column":4},"end":{"line":24,"column":25}}],"line":21}},"s":{"0":5,"1":5,"2":5,"3":0,"4":0,"5":5,"6":0,"7":0,"8":0,"9":0,"10":0,"11":0,"12":0,"13":0},"f":{"0":0,"1":0},"b":{"0":[0,0]},"inputSourceMap":{"version":3,"file":"test.js","sourceRoot":"","sources":["test.ts"],"names":[],"mappings":";;AACA,yCAAsC;AAGtC;;;GAGG;AACQ,QAAA,OAAO,GAAG,CAAC,GAAY,EAAE,GAAa,EAAE,EAAE;IACnD,MAAM,IAAI,GAAS,IAAI,WAAI,CAAC;QAC1B,KAAK,EAAE,yBAAyB;QAChC,MAAM,EAAE,aAAa;KACtB,CAAC,CAAC;IAEH,GAAG,CAAC,IAAI,CAAC,IAAI,CAAC,CAAC;AACjB,CAAC,CAAC;AAES,QAAA,QAAQ,GAAG,CAAC,GAAY,EAAE,GAAa,EAAE,EAAE;IACpD,GAAG,CAAC,SAAS,CAAC,GAAG,EAAE,4CAA4C,CAAC,CAAC,MAAM,EAAE,CAAC;IAC1E,GAAG,CAAC,SAAS,CAAC,GAAG,EAAE,4CAA4C,CAAC,CAAC,MAAM,EAAE,CAAC;IAC1E,GAAG,CAAC,SAAS,CAAC,GAAG,EAAE,4CAA4C,CAAC,CAAC,GAAG,CAAC,EAAE,GAAG,EAAE,CAAC,EAAE,CAAC,CAAC;IACjF,GAAG,CAAC,SAAS,CAAC,GAAG,EAAE,4CAA4C,CAAC,CAAC,MAAM,EAAE,CAAC;IAE1E,MAAM,MAAM,GAAG,GAAG,CAAC,gBAAgB,EAAE,CAAC;IACtC,EAAE,CAAC,CAAC,MAAM,CAAC;QACT,GAAG,CAAC,IAAI,CAAC,MAAM,CAAC,CAAC,MAAM,CAAC,GAAG,CAAC,CAAC;IAC/B,IAAI;QACF,GAAG,CAAC,IAAI,CAAC,MAAM,CAAC,CAAC;AACrB,CAAC,CAAC","sourcesContent":["import { Request, Response } from \"express\";\nimport { Song } from \"../models/Song\";\n\n\n/**\n * GET /test\n * test api endpoint\n */\nexport let getTest = (req: Request, res: Response) => {\n  const song: Song = new Song({\n    title: \"never gonna give you up\",\n    artist: \"rick astley\"\n  });\n\n  res.send(song);\n};\n\nexport let postTest = (req: Request, res: Response) => {\n  req.checkBody(\"x\", \"must include a field in the body named 'x'\").exists();\n  req.checkBody(\"y\", \"must include a field in the body named 'y'\").exists();\n  req.checkBody(\"y\", \"field y must be at least 4 characters long\").len({ min: 4 });\n  req.checkBody(\"z\", \"must include a field in the body named 'z'\").exists();\n\n  const errors = req.validationErrors();\n  if (errors)\n    res.send(errors).status(400);\n  else\n    res.send(\"nice\");\n};\n"]},"_coverageSchema":"332fd63041d2c1bcb487cc26dd0d5f7d97098a6c","hash":"a7f8c967b0dbb45023d4cc0876b4be21e1bdd87c"}
,"/Users/alexbatis/Desktop/node-express-ts/src/controllers/todo.ts": {"path":"/Users/alexbatis/Desktop/node-express-ts/src/controllers/todo.ts","statementMap":{"0":{"start":{"line":2,"column":0},"end":{"line":2,"column":62}},"1":{"start":{"line":3,"column":19},"end":{"line":3,"column":54}},"2":{"start":{"line":8,"column":0},"end":{"line":15,"column":2}},"3":{"start":{"line":9,"column":4},"end":{"line":14,"column":7}},"4":{"start":{"line":10,"column":8},"end":{"line":13,"column":30}},"5":{"start":{"line":11,"column":12},"end":{"line":11,"column":26}},"6":{"start":{"line":13,"column":12},"end":{"line":13,"column":30}},"7":{"start":{"line":16,"column":0},"end":{"line":33,"column":2}},"8":{"start":{"line":17,"column":4},"end":{"line":17,"column":96}},"9":{"start":{"line":18,"column":19},"end":{"line":18,"column":41}},"10":{"start":{"line":19,"column":4},"end":{"line":32,"column":5}},"11":{"start":{"line":20,"column":8},"end":{"line":20,"column":37}},"12":{"start":{"line":22,"column":8},"end":{"line":31,"column":11}},"13":{"start":{"line":23,"column":12},"end":{"line":30,"column":13}},"14":{"start":{"line":24,"column":16},"end":{"line":24,"column":30}},"15":{"start":{"line":26,"column":16},"end":{"line":29,"column":38}},"16":{"start":{"line":27,"column":20},"end":{"line":27,"column":86}},"17":{"start":{"line":29,"column":20},"end":{"line":29,"column":38}},"18":{"start":{"line":34,"column":0},"end":{"line":52,"column":2}},"19":{"start":{"line":35,"column":4},"end":{"line":35,"column":98}},"20":{"start":{"line":36,"column":4},"end":{"line":36,"column":85}},"21":{"start":{"line":37,"column":19},"end":{"line":37,"column":41}},"22":{"start":{"line":38,"column":4},"end":{"line":51,"column":5}},"23":{"start":{"line":39,"column":8},"end":{"line":39,"column":37}},"24":{"start":{"line":41,"column":25},"end":{"line":44,"column":10}},"25":{"start":{"line":45,"column":8},"end":{"line":50,"column":11}},"26":{"start":{"line":46,"column":12},"end":{"line":49,"column":34}},"27":{"start":{"line":47,"column":16},"end":{"line":47,"column":30}},"28":{"start":{"line":49,"column":16},"end":{"line":49,"column":34}},"29":{"start":{"line":53,"column":0},"end":{"line":85,"column":2}},"30":{"start":{"line":54,"column":4},"end":{"line":54,"column":96}},"31":{"start":{"line":55,"column":19},"end":{"line":55,"column":41}},"32":{"start":{"line":56,"column":22},"end":{"line":56,"column":83}},"33":{"start":{"line":57,"column":4},"end":{"line":84,"column":5}},"34":{"start":{"line":58,"column":8},"end":{"line":58,"column":37}},"35":{"start":{"line":59,"column":9},"end":{"line":84,"column":5}},"36":{"start":{"line":60,"column":31},"end":{"line":60,"column":33}},"37":{"start":{"line":62,"column":8},"end":{"line":63,"column":52}},"38":{"start":{"line":63,"column":12},"end":{"line":63,"column":52}},"39":{"start":{"line":64,"column":8},"end":{"line":65,"column":50}},"40":{"start":{"line":65,"column":12},"end":{"line":65,"column":50}},"41":{"start":{"line":66,"column":8},"end":{"line":71,"column":23}},"42":{"start":{"line":74,"column":25},"end":{"line":77,"column":9}},"43":{"start":{"line":78,"column":8},"end":{"line":83,"column":11}},"44":{"start":{"line":79,"column":12},"end":{"line":82,"column":39}},"45":{"start":{"line":80,"column":16},"end":{"line":80,"column":30}},"46":{"start":{"line":82,"column":16},"end":{"line":82,"column":39}},"47":{"start":{"line":86,"column":0},"end":{"line":101,"column":2}},"48":{"start":{"line":87,"column":4},"end":{"line":87,"column":96}},"49":{"start":{"line":88,"column":19},"end":{"line":88,"column":41}},"50":{"start":{"line":89,"column":4},"end":{"line":100,"column":5}},"51":{"start":{"line":90,"column":8},"end":{"line":90,"column":37}},"52":{"start":{"line":92,"column":8},"end":{"line":99,"column":11}},"53":{"start":{"line":93,"column":12},"end":{"line":94,"column":30}},"54":{"start":{"line":94,"column":16},"end":{"line":94,"column":30}},"55":{"start":{"line":95,"column":12},"end":{"line":98,"column":39}},"56":{"start":{"line":96,"column":16},"end":{"line":96,"column":82}},"57":{"start":{"line":98,"column":16},"end":{"line":98,"column":39}}},"fnMap":{"0":{"name":"(anonymous_0)","decl":{"start":{"line":8,"column":19},"end":{"line":8,"column":20}},"loc":{"start":{"line":8,"column":33},"end":{"line":15,"column":1}},"line":8},"1":{"name":"(anonymous_1)","decl":{"start":{"line":9,"column":32},"end":{"line":9,"column":33}},"loc":{"start":{"line":9,"column":50},"end":{"line":14,"column":5}},"line":9},"2":{"name":"(anonymous_2)","decl":{"start":{"line":16,"column":22},"end":{"line":16,"column":23}},"loc":{"start":{"line":16,"column":36},"end":{"line":33,"column":1}},"line":16},"3":{"name":"(anonymous_3)","decl":{"start":{"line":22,"column":59},"end":{"line":22,"column":60}},"loc":{"start":{"line":22,"column":77},"end":{"line":31,"column":9}},"line":22},"4":{"name":"(anonymous_4)","decl":{"start":{"line":34,"column":23},"end":{"line":34,"column":24}},"loc":{"start":{"line":34,"column":37},"end":{"line":52,"column":1}},"line":34},"5":{"name":"(anonymous_5)","decl":{"start":{"line":45,"column":22},"end":{"line":45,"column":23}},"loc":{"start":{"line":45,"column":53},"end":{"line":50,"column":9}},"line":45},"6":{"name":"(anonymous_6)","decl":{"start":{"line":53,"column":22},"end":{"line":53,"column":23}},"loc":{"start":{"line":53,"column":36},"end":{"line":85,"column":1}},"line":53},"7":{"name":"(anonymous_7)","decl":{"start":{"line":78,"column":70},"end":{"line":78,"column":71}},"loc":{"start":{"line":78,"column":88},"end":{"line":83,"column":9}},"line":78},"8":{"name":"(anonymous_8)","decl":{"start":{"line":86,"column":25},"end":{"line":86,"column":26}},"loc":{"start":{"line":86,"column":39},"end":{"line":101,"column":1}},"line":86},"9":{"name":"(anonymous_9)","decl":{"start":{"line":92,"column":68},"end":{"line":92,"column":69}},"loc":{"start":{"line":92,"column":86},"end":{"line":99,"column":9}},"line":92}},"branchMap":{"0":{"loc":{"start":{"line":10,"column":8},"end":{"line":13,"column":30}},"type":"if","locations":[{"start":{"line":10,"column":8},"end":{"line":13,"column":30}},{"start":{"line":10,"column":8},"end":{"line":13,"column":30}}],"line":10},"1":{"loc":{"start":{"line":19,"column":4},"end":{"line":32,"column":5}},"type":"if","locations":[{"start":{"line":19,"column":4},"end":{"line":32,"column":5}},{"start":{"line":19,"column":4},"end":{"line":32,"column":5}}],"line":19},"2":{"loc":{"start":{"line":23,"column":12},"end":{"line":30,"column":13}},"type":"if","locations":[{"start":{"line":23,"column":12},"end":{"line":30,"column":13}},{"start":{"line":23,"column":12},"end":{"line":30,"column":13}}],"line":23},"3":{"loc":{"start":{"line":26,"column":16},"end":{"line":29,"column":38}},"type":"if","locations":[{"start":{"line":26,"column":16},"end":{"line":29,"column":38}},{"start":{"line":26,"column":16},"end":{"line":29,"column":38}}],"line":26},"4":{"loc":{"start":{"line":38,"column":4},"end":{"line":51,"column":5}},"type":"if","locations":[{"start":{"line":38,"column":4},"end":{"line":51,"column":5}},{"start":{"line":38,"column":4},"end":{"line":51,"column":5}}],"line":38},"5":{"loc":{"start":{"line":43,"column":23},"end":{"line":43,"column":72}},"type":"cond-expr","locations":[{"start":{"line":43,"column":46},"end":{"line":43,"column":64}},{"start":{"line":43,"column":67},"end":{"line":43,"column":72}}],"line":43},"6":{"loc":{"start":{"line":46,"column":12},"end":{"line":49,"column":34}},"type":"if","locations":[{"start":{"line":46,"column":12},"end":{"line":49,"column":34}},{"start":{"line":46,"column":12},"end":{"line":49,"column":34}}],"line":46},"7":{"loc":{"start":{"line":56,"column":22},"end":{"line":56,"column":83}},"type":"cond-expr","locations":[{"start":{"line":56,"column":71},"end":{"line":56,"column":76}},{"start":{"line":56,"column":79},"end":{"line":56,"column":83}}],"line":56},"8":{"loc":{"start":{"line":56,"column":23},"end":{"line":56,"column":67}},"type":"binary-expr","locations":[{"start":{"line":56,"column":23},"end":{"line":56,"column":44}},{"start":{"line":56,"column":48},"end":{"line":56,"column":67}}],"line":56},"9":{"loc":{"start":{"line":57,"column":4},"end":{"line":84,"column":5}},"type":"if","locations":[{"start":{"line":57,"column":4},"end":{"line":84,"column":5}},{"start":{"line":57,"column":4},"end":{"line":84,"column":5}}],"line":57},"10":{"loc":{"start":{"line":59,"column":9},"end":{"line":84,"column":5}},"type":"if","locations":[{"start":{"line":59,"column":9},"end":{"line":84,"column":5}},{"start":{"line":59,"column":9},"end":{"line":84,"column":5}}],"line":59},"11":{"loc":{"start":{"line":62,"column":8},"end":{"line":63,"column":52}},"type":"if","locations":[{"start":{"line":62,"column":8},"end":{"line":63,"column":52}},{"start":{"line":62,"column":8},"end":{"line":63,"column":52}}],"line":62},"12":{"loc":{"start":{"line":64,"column":8},"end":{"line":65,"column":50}},"type":"if","locations":[{"start":{"line":64,"column":8},"end":{"line":65,"column":50}},{"start":{"line":64,"column":8},"end":{"line":65,"column":50}}],"line":64},"13":{"loc":{"start":{"line":75,"column":25},"end":{"line":75,"column":82}},"type":"cond-expr","locations":[{"start":{"line":75,"column":50},"end":{"line":75,"column":70}},{"start":{"line":75,"column":73},"end":{"line":75,"column":82}}],"line":75},"14":{"loc":{"start":{"line":76,"column":23},"end":{"line":76,"column":76}},"type":"cond-expr","locations":[{"start":{"line":76,"column":46},"end":{"line":76,"column":64}},{"start":{"line":76,"column":67},"end":{"line":76,"column":76}}],"line":76},"15":{"loc":{"start":{"line":79,"column":12},"end":{"line":82,"column":39}},"type":"if","locations":[{"start":{"line":79,"column":12},"end":{"line":82,"column":39}},{"start":{"line":79,"column":12},"end":{"line":82,"column":39}}],"line":79},"16":{"loc":{"start":{"line":89,"column":4},"end":{"line":100,"column":5}},"type":"if","locations":[{"start":{"line":89,"column":4},"end":{"line":100,"column":5}},{"start":{"line":89,"column":4},"end":{"line":100,"column":5}}],"line":89},"17":{"loc":{"start":{"line":93,"column":12},"end":{"line":94,"column":30}},"type":"if","locations":[{"start":{"line":93,"column":12},"end":{"line":94,"column":30}},{"start":{"line":93,"column":12},"end":{"line":94,"column":30}}],"line":93},"18":{"loc":{"start":{"line":95,"column":12},"end":{"line":98,"column":39}},"type":"if","locations":[{"start":{"line":95,"column":12},"end":{"line":98,"column":39}},{"start":{"line":95,"column":12},"end":{"line":98,"column":39}}],"line":95}},"s":{"0":5,"1":5,"2":5,"3":0,"4":0,"5":0,"6":0,"7":5,"8":0,"9":0,"10":0,"11":0,"12":0,"13":0,"14":0,"15":0,"16":0,"17":0,"18":5,"19":0,"20":0,"21":0,"22":0,"23":0,"24":0,"25":0,"26":0,"27":0,"28":0,"29":5,"30":0,"31":0,"32":0,"33":0,"34":0,"35":0,"36":0,"37":0,"38":0,"39":0,"40":0,"41":0,"42":0,"43":0,"44":0,"45":0,"46":0,"47":5,"48":0,"49":0,"50":0,"51":0,"52":0,"53":0,"54":0,"55":0,"56":0,"57":0},"f":{"0":0,"1":0,"2":0,"3":0,"4":0,"5":0,"6":0,"7":0,"8":0,"9":0},"b":{"0":[0,0],"1":[0,0],"2":[0,0],"3":[0,0],"4":[0,0],"5":[0,0],"6":[0,0],"7":[0,0],"8":[0,0],"9":[0,0],"10":[0,0],"11":[0,0],"12":[0,0],"13":[0,0],"14":[0,0],"15":[0,0],"16":[0,0],"17":[0,0],"18":[0,0]},"inputSourceMap":{"version":3,"file":"todo.js","sourceRoot":"","sources":["todo.ts"],"names":[],"mappings":";;AACA,uDAA0E;AAG1E;;;GAGG;AACQ,QAAA,QAAQ,GAAG,CAAC,GAAY,EAAE,GAAa,EAAE,EAAE;IAClD,kBAAQ,CAAC,IAAI,CAAC,EAAE,EAAE,CAAC,GAAQ,EAAE,OAAmB,EAAE,EAAE;QAChD,EAAE,CAAC,CAAC,GAAG,CAAC;YAAC,GAAG,CAAC,IAAI,CAAC,GAAG,CAAC,CAAC;QACvB,IAAI;YAAC,GAAG,CAAC,IAAI,CAAC,OAAO,CAAC,CAAC;IAC3B,CAAC,CAAC,CAAC;AACP,CAAC,CAAC;AAES,QAAA,WAAW,GAAG,CAAC,GAAY,EAAE,GAAa,EAAE,EAAE;IACrD,GAAG,CAAC,WAAW,CAAC,IAAI,EAAE,wDAAwD,CAAC,CAAC,SAAS,EAAE,CAAC;IAC5F,MAAM,MAAM,GAAG,GAAG,CAAC,gBAAgB,EAAE,CAAC;IAEtC,EAAE,CAAC,CAAC,MAAM,CAAC;QACP,GAAG,CAAC,IAAI,CAAC,MAAM,CAAC,CAAC,MAAM,CAAC,GAAG,CAAC,CAAC;IACjC,IAAI,CAAC,CAAC;QACF,kBAAQ,CAAC,OAAO,CAAC,EAAE,GAAG,EAAE,GAAG,CAAC,MAAM,CAAC,EAAE,EAAE,EAAE,CAAC,GAAQ,EAAE,OAAiB,EAAE,EAAE;YACrE,EAAE,CAAC,CAAC,GAAG,CAAC;gBAAC,GAAG,CAAC,IAAI,CAAC,GAAG,CAAC,CAAC;YACvB,IAAI,CAAC,CAAC;gBACF,EAAE,CAAC,CAAC,CAAC,OAAO,CAAC;oBACT,GAAG,CAAC,IAAI,CAAC,kBAAkB,GAAG,CAAC,MAAM,CAAC,EAAE,YAAY,CAAC,CAAC,MAAM,CAAC,GAAG,CAAC,CAAC;gBACtE,IAAI;oBACA,GAAG,CAAC,IAAI,CAAC,OAAO,CAAC,CAAC;YAC1B,CAAC;QACL,CAAC,CAAC,CAAC;IACP,CAAC;AACL,CAAC,CAAC;AAES,QAAA,YAAY,GAAG,CAAC,GAAY,EAAE,GAAa,EAAE,EAAE;IACtD,GAAG,CAAC,SAAS,CAAC,aAAa,EAAE,sDAAsD,CAAC,CAAC,MAAM,EAAE,CAAC;IAC9F,GAAG,CAAC,SAAS,CAAC,aAAa,EAAE,uCAAuC,CAAC,CAAC,QAAQ,EAAE,CAAC;IAEjF,MAAM,MAAM,GAAG,GAAG,CAAC,gBAAgB,EAAE,CAAC;IAEtC,EAAE,CAAC,CAAC,MAAM,CAAC;QACP,GAAG,CAAC,IAAI,CAAC,MAAM,CAAC,CAAC,MAAM,CAAC,GAAG,CAAC,CAAC;IACjC,IAAI,CAAC,CAAC;QACF,MAAM,QAAQ,GAAG,IAAI,kBAAQ,CAAC;YAC1B,WAAW,EAAE,GAAG,CAAC,IAAI,CAAC,WAAW;YACjC,SAAS,EAAE,CAAC,GAAG,CAAC,IAAI,CAAC,SAAS,CAAC,CAAC,CAAC,CAAC,GAAG,CAAC,IAAI,CAAC,SAAS,CAAC,CAAC,CAAC,KAAK;SAC/D,CAAC,CAAC;QACH,QAAQ,CAAC,IAAI,CAAC,CAAC,GAAQ,EAAE,OAAiB,EAAE,WAAmB,EAAE,EAAE;YAC/D,EAAE,CAAC,CAAC,GAAG,CAAC;gBAAC,GAAG,CAAC,IAAI,CAAC,GAAG,CAAC,CAAC;YACvB,IAAI;gBAAC,GAAG,CAAC,IAAI,CAAC,OAAO,CAAC,CAAC;QAC3B,CAAC,CAAC,CAAC;IACP,CAAC;AACL,CAAC,CAAC;AAES,QAAA,WAAW,GAAG,CAAC,GAAY,EAAE,GAAa,EAAE,EAAE;IACrD,GAAG,CAAC,WAAW,CAAC,IAAI,EAAE,wDAAwD,CAAC,CAAC,SAAS,EAAE,CAAC;IAC5F,MAAM,MAAM,GAAG,GAAG,CAAC,gBAAgB,EAAE,CAAC;IAEtC,MAAM,SAAS,GAAY,CAAC,CAAC,GAAG,CAAC,IAAI,CAAC,WAAW,IAAI,CAAC,GAAG,CAAC,IAAI,CAAC,SAAS,CAAC,CAAC,CAAC,CAAC,KAAK,CAAC,CAAC,CAAC,IAAI,CAAC;IAEzF,EAAE,CAAC,CAAC,MAAM,CAAC;QACP,GAAG,CAAC,IAAI,CAAC,MAAM,CAAC,CAAC,MAAM,CAAC,GAAG,CAAC,CAAC;IACjC,IAAI,CAAC,EAAE,CAAC,CAAC,CAAC,SAAS,CAAC,CAAC,CAAC;QAClB,IAAI,gBAAgB,GAAW,EAAE,CAAC;QAClC,8DAA8D;QAC9D,EAAE,CAAC,CAAC,CAAC,GAAG,CAAC,IAAI,CAAC,WAAW,CAAC;YAAC,gBAAgB,IAAI,mBAAmB,CAAC;QACnE,EAAE,CAAC,CAAC,CAAC,GAAG,CAAC,IAAI,CAAC,SAAS,CAAC;YAAC,gBAAgB,IAAI,iBAAiB,CAAC;QAE/D,GAAG,CAAC,IAAI,CAAC;YACL,UAAU,EAAE,MAAM;YAClB,OAAO,EAAE,gBAAgB;YACzB,KAAK,EAAE,6DAA6D;YACpE,OAAO,EAAE,GAAG,CAAC,IAAI;SACpB,CAAC,CAAC,MAAM,CAAC,GAAG,CAAC,CAAC;IACnB,CAAC;IACD,IAAI,CAAC,CAAC;QACF,MAAM,QAAQ,GAAW;YACrB,WAAW,EAAE,CAAC,GAAG,CAAC,IAAI,CAAC,WAAW,CAAC,CAAC,CAAC,CAAC,GAAG,CAAC,IAAI,CAAC,WAAW,CAAC,CAAC,CAAC,SAAS;YACtE,SAAS,EAAE,CAAC,GAAG,CAAC,IAAI,CAAC,SAAS,CAAC,CAAC,CAAC,CAAC,GAAG,CAAC,IAAI,CAAC,SAAS,CAAC,CAAC,CAAC,SAAS;SACnE,CAAC;QACF,kBAAQ,CAAC,iBAAiB,CAAC,GAAG,CAAC,MAAM,CAAC,EAAE,EAAE,QAAQ,EAAE,CAAC,GAAQ,EAAE,OAAiB,EAAE,EAAE;YAChF,EAAE,CAAC,CAAC,GAAG,CAAC;gBAAC,GAAG,CAAC,IAAI,CAAC,GAAG,CAAC,CAAC;YACvB,IAAI;gBAAC,GAAG,CAAC,IAAI,EAAE,CAAC,MAAM,CAAC,GAAG,CAAC,CAAC;QAChC,CAAC,CAAC,CAAC;IACP,CAAC;AACL,CAAC,CAAC;AAES,QAAA,cAAc,GAAG,CAAC,GAAY,EAAE,GAAa,EAAE,EAAE;IACxD,GAAG,CAAC,WAAW,CAAC,IAAI,EAAE,wDAAwD,CAAC,CAAC,SAAS,EAAE,CAAC;IAC5F,MAAM,MAAM,GAAG,GAAG,CAAC,gBAAgB,EAAE,CAAC;IAGtC,EAAE,CAAC,CAAC,MAAM,CAAC;QACP,GAAG,CAAC,IAAI,CAAC,MAAM,CAAC,CAAC,MAAM,CAAC,GAAG,CAAC,CAAC;IACjC,IAAI,CAAC,CAAC;QACF,kBAAQ,CAAC,gBAAgB,CAAC,EAAE,GAAG,EAAE,GAAG,CAAC,MAAM,CAAC,EAAE,EAAE,EAAE,CAAC,GAAQ,EAAE,OAAiB,EAAE,EAAE;YAC9E,EAAE,CAAC,CAAC,GAAG,CAAC;gBAAC,GAAG,CAAC,IAAI,CAAC,GAAG,CAAC,CAAC;YACvB,EAAE,CAAC,CAAC,CAAC,OAAO,CAAC;gBACT,GAAG,CAAC,IAAI,CAAC,kBAAkB,GAAG,CAAC,MAAM,CAAC,EAAE,YAAY,CAAC,CAAC,MAAM,CAAC,GAAG,CAAC,CAAC;YACtE,IAAI;gBACA,GAAG,CAAC,IAAI,EAAE,CAAC,MAAM,CAAC,GAAG,CAAC,CAAC;QAC/B,CAAC,CAAC,CAAC;IACP,CAAC;AACL,CAAC,CAAC","sourcesContent":["import { Request, Response } from \"express\";\nimport { default as TodoItem, TodoModel } from \"../models/mongo/TodoItem\";\nimport { Document } from \"mongoose\";\n\n/**\n * GET /todos\n * todos api endpoint\n */\nexport let getTodos = (req: Request, res: Response) => {\n    TodoItem.find({}, (err: any, product: Document[]) => {\n        if (err) res.send(err);\n        else res.send(product);\n    });\n};\n\nexport let getTodoItem = (req: Request, res: Response) => {\n    req.checkParams(\"id\", \"must include a valid mongo id in the request parameter\").isMongoId();\n    const errors = req.validationErrors();\n\n    if (errors)\n        res.send(errors).status(400);\n    else {\n        TodoItem.findOne({ _id: req.params.id }, (err: any, product: Document) => {\n            if (err) res.send(err);\n            else {\n                if (!product)\n                    res.send(`todo item with ${req.params.id} not found`).status(404);\n                else\n                    res.send(product);\n            }\n        });\n    }\n};\n\nexport let postTodoItem = (req: Request, res: Response) => {\n    req.checkBody(\"description\", \"must include a field in the body named 'description'\").exists();\n    req.checkBody(\"description\", \"field 'description' must not be empty\").notEmpty();\n\n    const errors = req.validationErrors();\n\n    if (errors)\n        res.send(errors).status(400);\n    else {\n        const todoItem = new TodoItem({\n            description: req.body.description,\n            completed: (req.body.completed) ? req.body.completed : false\n        });\n        todoItem.save((err: any, product: Document, numAffected: number) => {\n            if (err) res.send(err);\n            else res.send(product);\n        });\n    }\n};\n\nexport let putTodoItem = (req: Request, res: Response) => {\n    req.checkParams(\"id\", \"must include a valid mongo id in the request parameter\").isMongoId();\n    const errors = req.validationErrors();\n\n    const bodyValid: boolean = (!req.body.description && !req.body.completed) ? false : true;\n\n    if (errors)\n        res.send(errors).status(400);\n    else if (!bodyValid) {\n        let paramErrorString: string = \"\";\n        // TODO: come back to this - its like a coding interview thing\n        if (!req.body.description) paramErrorString += \"body.description \";\n        if (!req.body.completed) paramErrorString += \"body.completed \";\n\n        res.send({\n            \"location\": \"body\",\n            \"param\": paramErrorString,\n            \"msg\": \"must include a description or completed in the request body\",\n            \"value\": req.body\n        }).status(400);\n    }\n    else {\n        const todoItem: object = {\n            description: (req.body.description) ? req.body.description : undefined,\n            completed: (req.body.completed) ? req.body.completed : undefined\n        };\n        TodoItem.findByIdAndUpdate(req.params.id, todoItem, (err: any, product: Document) => {\n            if (err) res.send(err);\n            else res.send().status(200);\n        });\n    }\n};\n\nexport let deleteTodoItem = (req: Request, res: Response) => {\n    req.checkParams(\"id\", \"must include a valid mongo id in the request parameter\").isMongoId();\n    const errors = req.validationErrors();\n\n\n    if (errors)\n        res.send(errors).status(400);\n    else {\n        TodoItem.findOneAndRemove({ _id: req.params.id }, (err: any, product: Document) => {\n            if (err) res.send(err);\n            if (!product)\n                res.send(`todo item with ${req.params.id} not found`).status(404);\n            else\n                res.send().status(204);\n        });\n    }\n};\n"]},"_coverageSchema":"332fd63041d2c1bcb487cc26dd0d5f7d97098a6c","hash":"68d6b380255f15beccc9868fbda732b3f2e56551"}
,"/Users/alexbatis/Desktop/node-express-ts/src/controllers/user.ts": {"path":"/Users/alexbatis/Desktop/node-express-ts/src/controllers/user.ts","statementMap":{"0":{"start":{"line":2,"column":0},"end":{"line":2,"column":62}},"1":{"start":{"line":3,"column":14},"end":{"line":3,"column":30}},"2":{"start":{"line":4,"column":15},"end":{"line":4,"column":32}},"3":{"start":{"line":5,"column":19},"end":{"line":5,"column":40}},"4":{"start":{"line":6,"column":17},"end":{"line":6,"column":36}},"5":{"start":{"line":7,"column":15},"end":{"line":7,"column":46}},"6":{"start":{"line":8,"column":16},"end":{"line":8,"column":44}},"7":{"start":{"line":13,"column":0},"end":{"line":20,"column":2}},"8":{"start":{"line":14,"column":4},"end":{"line":16,"column":5}},"9":{"start":{"line":15,"column":8},"end":{"line":15,"column":33}},"10":{"start":{"line":17,"column":4},"end":{"line":19,"column":7}},"11":{"start":{"line":25,"column":0},"end":{"line":50,"column":2}},"12":{"start":{"line":26,"column":4},"end":{"line":26,"column":56}},"13":{"start":{"line":27,"column":4},"end":{"line":27,"column":66}},"14":{"start":{"line":28,"column":4},"end":{"line":28,"column":71}},"15":{"start":{"line":29,"column":19},"end":{"line":29,"column":41}},"16":{"start":{"line":30,"column":4},"end":{"line":33,"column":5}},"17":{"start":{"line":31,"column":8},"end":{"line":31,"column":36}},"18":{"start":{"line":32,"column":8},"end":{"line":32,"column":38}},"19":{"start":{"line":34,"column":4},"end":{"line":49,"column":23}},"20":{"start":{"line":35,"column":8},"end":{"line":37,"column":9}},"21":{"start":{"line":36,"column":12},"end":{"line":36,"column":29}},"22":{"start":{"line":38,"column":8},"end":{"line":41,"column":9}},"23":{"start":{"line":39,"column":12},"end":{"line":39,"column":46}},"24":{"start":{"line":40,"column":12},"end":{"line":40,"column":42}},"25":{"start":{"line":42,"column":8},"end":{"line":48,"column":11}},"26":{"start":{"line":43,"column":12},"end":{"line":45,"column":13}},"27":{"start":{"line":44,"column":16},"end":{"line":44,"column":33}},"28":{"start":{"line":46,"column":12},"end":{"line":46,"column":73}},"29":{"start":{"line":47,"column":12},"end":{"line":47,"column":54}},"30":{"start":{"line":55,"column":0},"end":{"line":58,"column":2}},"31":{"start":{"line":56,"column":4},"end":{"line":56,"column":17}},"32":{"start":{"line":57,"column":4},"end":{"line":57,"column":22}},"33":{"start":{"line":63,"column":0},"end":{"line":70,"column":2}},"34":{"start":{"line":64,"column":4},"end":{"line":66,"column":5}},"35":{"start":{"line":65,"column":8},"end":{"line":65,"column":33}},"36":{"start":{"line":67,"column":4},"end":{"line":69,"column":7}},"37":{"start":{"line":75,"column":0},"end":{"line":109,"column":2}},"38":{"start":{"line":76,"column":4},"end":{"line":76,"column":56}},"39":{"start":{"line":77,"column":4},"end":{"line":77,"column":90}},"40":{"start":{"line":78,"column":4},"end":{"line":78,"column":86}},"41":{"start":{"line":79,"column":4},"end":{"line":79,"column":71}},"42":{"start":{"line":80,"column":19},"end":{"line":80,"column":41}},"43":{"start":{"line":81,"column":4},"end":{"line":84,"column":5}},"44":{"start":{"line":82,"column":8},"end":{"line":82,"column":36}},"45":{"start":{"line":83,"column":8},"end":{"l
[...]
nst errors = req.validationErrors();\n\n  if (errors) {\n    req.flash(\"errors\", errors);\n    return res.redirect(\"back\");\n  }\n\n  async.waterfall([\n    function resetPassword(done: Function) {\n      User\n        .findOne({ passwordResetToken: req.params.token })\n        .where(\"passwordResetExpires\").gt(Date.now())\n        .exec((err, user: any) => {\n          if (err) { return next(err); }\n          if (!user) {\n            req.flash(\"errors\", { msg: \"Password reset token is invalid or has expired.\" });\n            return res.redirect(\"back\");\n          }\n          user.password = req.body.password;\n          user.passwordResetToken = undefined;\n          user.passwordResetExpires = undefined;\n          user.save((err: WriteError) => {\n            if (err) { return next(err); }\n            req.logIn(user, (err) => {\n              done(err, user);\n            });\n          });\n        });\n    },\n    function sendResetPasswordEmail(user: UserModel, done: Function) {\n      const transporter = nodemailer.createTransport({\n        service: \"SendGrid\",\n        auth: {\n          user: process.env.SENDGRID_USER,\n          pass: process.env.SENDGRID_PASSWORD\n        }\n      });\n      const mailOptions = {\n        to: user.email,\n        from: \"express-ts@starter.com\",\n        subject: \"Your password has been changed\",\n        text: `Hello,\\n\\nThis is a confirmation that the password for your account ${user.email} has just been changed.\\n`\n      };\n      transporter.sendMail(mailOptions, (err) => {\n        req.flash(\"success\", { msg: \"Success! Your password has been changed.\" });\n        done(err);\n      });\n    }\n  ], (err) => {\n    if (err) { return next(err); }\n    res.redirect(\"/\");\n  });\n};\n\n/**\n * GET /forgot\n * Forgot Password page.\n */\nexport let getForgot = (req: Request, res: Response) => {\n  if (req.isAuthenticated()) {\n    return res.redirect(\"/\");\n  }\n  res.render(\"account/forgot\", {\n    title: \"Forgot Password\"\n  });\n};\n\n/**\n * POST /forgot\n * Create a random token, then the send user an email with a reset link.\n */\nexport let postForgot = (req: Request, res: Response, next: NextFunction) => {\n  req.assert(\"email\", \"Please enter a valid email address.\").isEmail();\n  req.sanitize(\"email\").normalizeEmail({ gmail_remove_dots: false });\n\n  const errors = req.validationErrors();\n\n  if (errors) {\n    req.flash(\"errors\", errors);\n    return res.redirect(\"/forgot\");\n  }\n\n  async.waterfall([\n    function createRandomToken(done: Function) {\n      crypto.randomBytes(16, (err, buf) => {\n        const token = buf.toString(\"hex\");\n        done(err, token);\n      });\n    },\n    function setRandomToken(token: AuthToken, done: Function) {\n      User.findOne({ email: req.body.email }, (err, user: any) => {\n        if (err) { return done(err); }\n        if (!user) {\n          req.flash(\"errors\", { msg: \"Account with that email address does not exist.\" });\n          return res.redirect(\"/forgot\");\n        }\n        user.passwordResetToken = token;\n        user.passwordResetExpires = Date.now() + 3600000; // 1 hour\n        user.save((err: WriteError) => {\n          done(err, token, user);\n        });\n      });\n    },\n    function sendForgotPasswordEmail(token: AuthToken, user: UserModel, done: Function) {\n      const transporter = nodemailer.createTransport({\n        service: \"SendGrid\",\n        auth: {\n          user: process.env.SENDGRID_USER,\n          pass: process.env.SENDGRID_PASSWORD\n        }\n      });\n      const mailOptions = {\n        to: user.email,\n        from: \"hackathon@starter.com\",\n        subject: \"Reset your password on Hackathon Starter\",\n        text: `You are receiving this email because you (or someone else) have requested the reset of the password for your account.\\n\\n\n          Please click on the following link, or paste this into your browser to complete the process:\\n\\n\n          http://${req.headers.host}/reset/${token}\\n\\n\n          If you did not request this, please ignore this email and your password will remain unchanged.\\n`\n      };\n      transporter.sendMail(mailOptions, (err) => {\n        req.flash(\"info\", { msg: `An e-mail has been sent to ${user.email} with further instructions.` });\n        done(err);\n      });\n    }\n  ], (err) => {\n    if (err) { return next(err); }\n    res.redirect(\"/forgot\");\n  });\n};\n"]},"_coverageSchema":"332fd63041d2c1bcb487cc26dd0d5f7d97098a6c","hash":"592b3f2489d938ada3c4164051d6a8cd4c0fa047"}
,"/Users/alexbatis/Desktop/node-express-ts/src/models/Song.ts": {"path":"/Users/alexbatis/Desktop/node-express-ts/src/models/Song.ts","statementMap":{"0":{"start":{"line":2,"column":0},"end":{"line":2,"column":62}},"1":{"start":{"line":6,"column":8},"end":{"line":6,"column":48}},"2":{"start":{"line":8,"column":8},"end":{"line":8,"column":52}},"3":{"start":{"line":10,"column":8},"end":{"line":10,"column":50}},"4":{"start":{"line":13,"column":8},"end":{"line":13,"column":17}},"5":{"start":{"line":16,"column":0},"end":{"line":16,"column":20}}},"fnMap":{"0":{"name":"(anonymous_0)","decl":{"start":{"line":4,"column":4},"end":{"line":4,"column":5}},"loc":{"start":{"line":4,"column":22},"end":{"line":11,"column":5}},"line":4},"1":{"name":"(anonymous_1)","decl":{"start":{"line":12,"column":4},"end":{"line":12,"column":5}},"loc":{"start":{"line":12,"column":11},"end":{"line":14,"column":5}},"line":12}},"branchMap":{"0":{"loc":{"start":{"line":6,"column":21},"end":{"line":6,"column":47}},"type":"binary-expr","locations":[{"start":{"line":6,"column":21},"end":{"line":6,"column":25}},{"start":{"line":6,"column":29},"end":{"line":6,"column":39}},{"start":{"line":6,"column":43},"end":{"line":6,"column":47}}],"line":6},"1":{"loc":{"start":{"line":8,"column":23},"end":{"line":8,"column":51}},"type":"binary-expr","locations":[{"start":{"line":8,"column":23},"end":{"line":8,"column":27}},{"start":{"line":8,"column":31},"end":{"line":8,"column":43}},{"start":{"line":8,"column":47},"end":{"line":8,"column":51}}],"line":8},"2":{"loc":{"start":{"line":10,"column":22},"end":{"line":10,"column":49}},"type":"binary-expr","locations":[{"start":{"line":10,"column":22},"end":{"line":10,"column":26}},{"start":{"line":10,"column":30},"end":{"line":10,"column":41}},{"start":{"line":10,"column":45},"end":{"line":10,"column":49}}],"line":10}},"s":{"0":5,"1":0,"2":0,"3":0,"4":0,"5":5},"f":{"0":0,"1":0},"b":{"0":[0,0,0],"1":[0,0,0],"2":[0,0,0]},"inputSourceMap":{"version":3,"file":"Song.js","sourceRoot":"","sources":["Song.ts"],"names":[],"mappings":";;AAKA;IAKI,YAAY,IAAY;QACpB,2CAA2C;QAC3C,IAAI,CAAC,KAAK,GAAG,IAAI,IAAI,IAAI,CAAC,KAAK,IAAI,IAAI,CAAC;QACxC,2CAA2C;QAC3C,IAAI,CAAC,OAAO,GAAG,IAAI,IAAI,IAAI,CAAC,OAAO,IAAI,IAAI,CAAC;QAC5C,2CAA2C;QAC3C,IAAI,CAAC,MAAM,GAAG,IAAI,IAAI,IAAI,CAAC,MAAM,IAAI,IAAI,CAAC;IAC9C,CAAC;IAGM,GAAG,CAAC,CAAS;QAChB,MAAM,CAAC,CAAC,CAAC;IACb,CAAC;CACJ;AAlBD,oBAkBC","sourcesContent":["interface ISong {\n    title?: string;\n    seconds?: number;\n    artist?: string;\n}\nexport class Song {\n    public title: String;\n    public seconds: number;\n    public artist: String;\n\n    constructor(song?: ISong) {\n        // tslint:disable-next-line:no-null-keyword\n        this.title = song && song.title || null;\n        // tslint:disable-next-line:no-null-keyword\n        this.seconds = song && song.seconds || null;\n        // tslint:disable-next-line:no-null-keyword\n        this.artist = song && song.artist || null;\n    }\n\n\n    public idk(y: string) {\n        return y;\n    }\n}"]},"_coverageSchema":"332fd63041d2c1bcb487cc26dd0d5f7d97098a6c","hash":"b03eb66240098ac3feda475230ba7df825a51e61"}
,"/Users/alexbatis/Desktop/node-express-ts/src/models/mongo/TodoItem.ts": {"path":"/Users/alexbatis/Desktop/node-express-ts/src/models/mongo/TodoItem.ts","statementMap":{"0":{"start":{"line":2,"column":0},"end":{"line":2,"column":62}},"1":{"start":{"line":3,"column":17},"end":{"line":3,"column":36}},"2":{"start":{"line":4,"column":23},"end":{"line":7,"column":24}},"3":{"start":{"line":42,"column":17},"end":{"line":42,"column":59}},"4":{"start":{"line":43,"column":0},"end":{"line":43,"column":27}}},"fnMap":{},"branchMap":{},"s":{"0":5,"1":5,"2":5,"3":5,"4":5},"f":{},"b":{},"inputSourceMap":{"version":3,"file":"TodoItem.js","sourceRoot":"","sources":["TodoItem.ts"],"names":[],"mappings":";;AAEA,qCAAqC;AAOrC,MAAM,cAAc,GAAG,IAAI,QAAQ,CAAC,MAAM,CAAC;IACzC,WAAW,EAAE,MAAM;IACnB,SAAS,EAAE,EAAE,IAAI,EAAE,OAAO,EAAE,OAAO,EAAE,KAAK,EAAE;CAC7C,EAAE,EAAE,UAAU,EAAE,IAAI,EAAE,CAAC,CAAC;AAEzB;;GAEG;AACH,+CAA+C;AAC/C,uBAAuB;AACvB,yDAAyD;AACzD,wCAAwC;AACxC,qCAAqC;AACrC,mFAAmF;AACnF,uCAAuC;AACvC,8BAA8B;AAC9B,gBAAgB;AAChB,UAAU;AACV,QAAQ;AACR,MAAM;AAEN,kHAAkH;AAClH,kGAAkG;AAClG,wBAAwB;AACxB,QAAQ;AACR,KAAK;AAGL;;GAEG;AACH,0DAA0D;AAC1D,iBAAiB;AACjB,kBAAkB;AAClB,MAAM;AACN,uBAAuB;AACvB,+DAA+D;AAC/D,MAAM;AACN,2EAA2E;AAC3E,mEAAmE;AACnE,KAAK;AAEL,8EAA8E;AAC9E,MAAM,QAAQ,GAAG,QAAQ,CAAC,KAAK,CAAC,UAAU,EAAE,cAAc,CAAC,CAAC;AAC5D,kBAAe,QAAQ,CAAC","sourcesContent":["import * as bcrypt from \"bcrypt-nodejs\";\nimport * as crypto from \"crypto\";\nimport * as mongoose from \"mongoose\";\n\nexport type TodoModel = mongoose.Document & {\n  description: String,\n  completed: Boolean\n};\n\nconst todoItemSchema = new mongoose.Schema({\n  description: String,\n  completed: { type: Boolean, default: false }\n}, { timestamps: true });\n\n/**\n * Password hash middleware.\n */\n// userSchema.pre(\"save\", function save(next) {\n//   const user = this;\n//   if (!user.isModified(\"password\")) { return next(); }\n//   bcrypt.genSalt(10, (err, salt) => {\n//     if (err) { return next(err); }\n//     bcrypt.hash(user.password, salt, undefined, (err: mongoose.Error, hash) => {\n//       if (err) { return next(err); }\n//       user.password = hash;\n//       next();\n//     });\n//   });\n// });\n\n// userSchema.methods.comparePassword = function (candidatePassword: string, cb: (err: any, isMatch: any) => {}) {\n//   bcrypt.compare(candidatePassword, this.password, (err: mongoose.Error, isMatch: boolean) => {\n//     cb(err, isMatch);\n//   });\n// };\n\n\n/**\n * Helper method for getting user's gravatar.\n */\n// userSchema.methods.gravatar = function (size: number) {\n//   if (!size) {\n//     size = 200;\n//   }\n//   if (!this.email) {\n//     return `https://gravatar.com/avatar/?s=${size}&d=retro`;\n//   }\n//   const md5 = crypto.createHash(\"md5\").update(this.email).digest(\"hex\");\n//   return `https://gravatar.com/avatar/${md5}?s=${size}&d=retro`;\n// };\n\n// export const User: UserType = mongoose.model<UserType>('User', userSchema);\nconst TodoItem = mongoose.model(\"TodoItem\", todoItemSchema);\nexport default TodoItem;"]},"_coverageSchema":"332fd63041d2c1bcb487cc26dd0d5f7d97098a6c","hash":"c6adde4dc2f2bb093a1015eda6f2945ba81f0401"}
,"/Users/alexbatis/Desktop/node-express-ts/src/models/mongo/User.ts": {"path":"/Users/alexbatis/Desktop/node-express-ts/src/models/mongo/User.ts","statementMap":{"0":{"start":{"line":2,"column":0},"end":{"line":2,"column":62}},"1":{"start":{"line":3,"column":15},"end":{"line":3,"column":39}},"2":{"start":{"line":4,"column":15},"end":{"line":4,"column":32}},"3":{"start":{"line":5,"column":17},"end":{"line":5,"column":36}},"4":{"start":{"line":6,"column":19},"end":{"line":22,"column":24}},"5":{"start":{"line":26,"column":0},"end":{"line":43,"column":3}},"6":{"start":{"line":27,"column":17},"end":{"line":27,"column":21}},"7":{"start":{"line":28,"column":4},"end":{"line":30,"column":5}},"8":{"start":{"line":29,"column":8},"end":{"line":29,"column":22}},"9":{"start":{"line":31,"column":4},"end":{"line":42,"column":7}},"10":{"start":{"line":32,"column":8},"end":{"line":34,"column":9}},"11":{"start":{"line":33,"column":12},"end":{"line":33,"column":29}},"12":{"start":{"line":35,"column":8},"end":{"line":41,"column":11}},"13":{"start":{"line":36,"column":12},"end":{"line":38,"column":13}},"14":{"start":{"line":37,"column":16},"end":{"line":37,"column":33}},"15":{"start":{"line":39,"column":12},"end":{"line":39,"column":33}},"16":{"start":{"line":40,"column":12},"end":{"line":40,"column":19}},"17":{"start":{"line":44,"column":0},"end":{"line":48,"column":2}},"18":{"start":{"line":45,"column":4},"end":{"line":47,"column":7}},"19":{"start":{"line":46,"column":8},"end":{"line":46,"column":25}},"20":{"start":{"line":52,"column":0},"end":{"line":61,"column":2}},"21":{"start":{"line":53,"column":4},"end":{"line":55,"column":5}},"22":{"start":{"line":54,"column":8},"end":{"line":54,"column":19}},"23":{"start":{"line":56,"column":4},"end":{"line":58,"column":5}},"24":{"start":{"line":57,"column":8},"end":{"line":57,"column":64}},"25":{"start":{"line":59,"column":16},"end":{"line":59,"column":73}},"26":{"start":{"line":60,"column":4},"end":{"line":60,"column":66}},"27":{"start":{"line":63,"column":13},"end":{"line":63,"column":47}},"28":{"start":{"line":64,"column":0},"end":{"line":64,"column":23}}},"fnMap":{"0":{"name":"save","decl":{"start":{"line":26,"column":32},"end":{"line":26,"column":36}},"loc":{"start":{"line":26,"column":43},"end":{"line":43,"column":1}},"line":26},"1":{"name":"(anonymous_1)","decl":{"start":{"line":31,"column":23},"end":{"line":31,"column":24}},"loc":{"start":{"line":31,"column":38},"end":{"line":42,"column":5}},"line":31},"2":{"name":"(anonymous_2)","decl":{"start":{"line":35,"column":52},"end":{"line":35,"column":53}},"loc":{"start":{"line":35,"column":67},"end":{"line":41,"column":9}},"line":35},"3":{"name":"(anonymous_3)","decl":{"start":{"line":44,"column":37},"end":{"line":44,"column":38}},"loc":{"start":{"line":44,"column":70},"end":{"line":48,"column":1}},"line":44},"4":{"name":"(anonymous_4)","decl":{"start":{"line":45,"column":53},"end":{"line":45,"column":54}},"loc":{"start":{"line":45,"column":71},"end":{"line":47,"column":5}},"line":45},"5":{"name":"(anonymous_5)","decl":{"start":{"line":52,"column":30},"end":{"line":52,"column":31}},"loc":{"start":{"line":52,"column":46},"end":{"line":61,"column":1}},"line":52}},"branchMap":{"0":{"loc":{"start":{"line":28,"column":4},"end":{"line":30,"column":5}},"type":"if","locations":[{"start":{"line":28,"column":4},"end":{"line":30,"column":5}},{"start":{"line":28,"column":4},"end":{"line":30,"column":5}}],"line":28},"1":{"loc":{"start":{"line":32,"column":8},"end":{"line":34,"column":9}},"type":"if","locations":[{"start":{"line":32,"column":8},"end":{"line":34,"column":9}},{"start":{"line":32,"column":8},"end":{"line":34,"column":9}}],"line":32},"2":{"loc":{"start":{"line":36,"column":12},"end":{"line":38,"column":13}},"type":"if","locations":[{"start":{"line":36,"column":12},"end":{"line":38,"column":13}},{"start":{"line":36,"column":12},"end":{"line":38,"column":13}}],"line":36},"3":{"loc":{"start":{"line":53,"column":4},"end":{"line":55,"column":5}},"type":"if","locations":[{"start":{"line":53,"column":4},"end":{"line":55,"column":5}},{"start":{"line":53,"column":4},"end":{"line":55,"column":5}}],"line":53},"4":{"loc":{"start":{"line":56,"column":4},"end":{"line":58,"column":5}},"type":"if","locations":[{"start":{"line":56,"column":4},"end":{"line":58,"column":5}},{"start":{"line":56,"column":4},"end":{"line":58,"column":5}}],"line":56}},"s":{"0":5,"1":5,"2":5,"3":5,"4":5,"5":5,"6":0,"7":0,"8":0,"9":0,"10":0,"11":0,"12":0,"13":0,"14":0,"15":0,"16":0,"17":5,"18":0,"19":0,"20":5,"21":0,"22":0,"23":0,"24":0,"25":0,"26":0,"27":5,"28":5},"f":{"0":0,"1":0,"2":0,"3":0,"4":0,"5":0},"b":{"0":[0,0],"1":[0,0],"2":[0,0],"3":[0,0],"4":[0,0]},"inputSourceMap":{"version":3,"file":"User.js","sourceRoot":"","sources":["User.ts"],"names":[],"mappings":";;AAAA,wCAAwC;AACxC,iCAAiC;AACjC,qCAAqC;AA4BrC,MAAM,UAAU,GAAG,IAAI,QAAQ,CAAC,MAAM,CAAC;IACrC,KAAK,EAAE,EAAE,IAAI,EAAE,MAAM,EAAE,MAAM,EAAE,IAAI,EAAE;IACrC,QAAQ,EAAE,MAAM;IAChB,kBAAkB,EAAE,MAAM;IAC1B,oBAAoB,EAAE,IAAI;IAE1B,QAAQ,EAAE,MAAM;IAChB,OAAO,EAAE,MAAM;IACf,MAAM,EAAE,MAAM;IACd,MAAM,EAAE,KAAK;IAEb,OAAO,EAAE;QACP,IAAI,EAAE,MAAM;QACZ,MAAM,EAAE,MAAM;QACd,QAAQ,EAAE,MAAM;QAChB,OAAO,EAAE,MAAM;QACf,OAAO,EAAE,MAAM;KAChB;CACF,EAAE,EAAE,UAAU,EAAE,IAAI,EAAE,CAAC,CAAC;AAEzB;;GAEG;AACH,UAAU,CAAC,GAAG,CAAC,MAAM,EAAE,cAAc,IAAI;IACvC,MAAM,IAAI,GAAG,IAAI,CAAC;IAClB,EAAE,CAAC,CAAC,CAAC,IAAI,CAAC,UAAU,CAAC,UAAU,CAAC,CAAC,CAAC,CAAC;QAAC,MAAM,CAAC,IAAI,EAAE,CAAC;IAAC,CAAC;IACpD,MAAM,CAAC,OAAO,CAAC,EAAE,EAAE,CAAC,GAAG,EAAE,IAAI,EAAE,EAAE;QAC/B,EAAE,CAAC,CAAC,GAAG,CAAC,CAAC,CAAC;YAAC,MAAM,CAAC,IAAI,CAAC,GAAG,CAAC,CAAC;QAAC,CAAC;QAC9B,MAAM,CAAC,IAAI,CAAC,IAAI,CAAC,QAAQ,EAAE,IAAI,EAAE,SAAS,EAAE,CAAC,GAAmB,EAAE,IAAI,EAAE,EAAE;YACxE,EAAE,CAAC,CAAC,GAAG,CAAC,CAAC,CAAC;gBAAC,MAAM,CAAC,IAAI,CAAC,GAAG,CAAC,CAAC;YAAC,CAAC;YAC9B,IAAI,CAAC,QAAQ,GAAG,IAAI,CAAC;YACrB,IAAI,EAAE,CAAC;QACT,CAAC,CAAC,CAAC;IACL,CAAC,CAAC,CAAC;AACL,CAAC,CAAC,CAAC;AAEH,UAAU,CAAC,OAAO,CAAC,eAAe,GAAG,UAAU,iBAAyB,EAAE,EAAkC;IAC1G,MAAM,CAAC,OAAO,CAAC,iBAAiB,EAAE,IAAI,CAAC,QAAQ,EAAE,CAAC,GAAmB,EAAE,OAAgB,EAAE,EAAE;QACzF,EAAE,CAAC,GAAG,EAAE,OAAO,CAAC,CAAC;IACnB,CAAC,CAAC,CAAC;AACL,CAAC,CAAC;AAGF;;GAEG;AACH,UAAU,CAAC,OAAO,CAAC,QAAQ,GAAG,UAAU,IAAY;IAClD,EAAE,CAAC,CAAC,CAAC,IAAI,CAAC,CAAC,CAAC;QACV,IAAI,GAAG,GAAG,CAAC;IACb,CAAC;IACD,EAAE,CAAC,CAAC,CAAC,IAAI,CAAC,KAAK,CAAC,CAAC,CAAC;QAChB,MAAM,CAAC,kCAAkC,IAAI,UAAU,CAAC;IAC1D,CAAC;IACD,MAAM,GAAG,GAAG,MAAM,CAAC,UAAU,CAAC,KAAK,CAAC,CAAC,MAAM,CAAC,IAAI,CAAC,KAAK,CAAC,CAAC,MAAM,CAAC,KAAK,CAAC,CAAC;IACtE,MAAM,CAAC,+BAA+B,GAAG,MAAM,IAAI,UAAU,CAAC;AAChE,CAAC,CAAC;AAEF,8EAA8E;AAC9E,MAAM,IAAI,GAAG,QAAQ,CAAC,KAAK,CAAC,MAAM,EAAE,UAAU,CAAC,CAAC;AAChD,kBAAe,IAAI,CAAC","sourcesContent":["import * as bcrypt from \"bcrypt-nodejs\";\nimport * as crypto from \"crypto\";\nimport * as mongoose from \"mongoose\";\n\nexport type UserModel = mongoose.Document & {\n  email: string,\n  password: string,\n  passwordResetToken: string,\n  passwordResetExpires: Date,\n\n  facebook: string,\n  tokens: AuthToken[],\n\n  profile: {\n    name: string,\n    gender: string,\n    location: string,\n    website: string,\n    picture: string\n  },\n\n  comparePassword: (candidatePassword: string, cb: (err: any, isMatch: any) => {}) => void,\n  gravatar: (size: number) => string\n};\n\nexport type AuthToken = {\n  accessToken: string,\n  kind: string\n};\n\nconst userSchema = new mongoose.Schema({\n  email: { type: String, unique: true },\n  password: String,\n  passwordResetToken: String,\n  passwordResetExpires: Date,\n\n  facebook: String,\n  twitter: String,\n  google: String,\n  tokens: Array,\n\n  profile: {\n    name: String,\n    gender: String,\n    location: String,\n    website: String,\n    picture: String\n  }\n}, { timestamps: true });\n\n/**\n * Password hash middleware.\n */\nuserSchema.pre(\"save\", function save(next) {\n  const user = this;\n  if (!user.isModified(\"password\")) { return next(); }\n  bcrypt.genSalt(10, (err, salt) => {\n    if (err) { return next(err); }\n    bcrypt.hash(user.password, salt, undefined, (err: mongoose.Error, hash) => {\n      if (err) { return next(err); }\n      user.password = hash;\n      next();\n    });\n  });\n});\n\nuserSchema.methods.comparePassword = function (candidatePassword: string, cb: (err: any, isMatch: any) => {}) {\n  bcrypt.compare(candidatePassword, this.password, (err: mongoose.Error, isMatch: boolean) => {\n    cb(err, isMatch);\n  });\n};\n\n\n/**\n * Helper method for getting user's gravatar.\n */\nuserSchema.methods.gravatar = function (size: number) {\n  if (!size) {\n    size = 200;\n  }\n  if (!this.email) {\n    return `https://gravatar.com/avatar/?s=${size}&d=retro`;\n  }\n  const md5 = crypto.createHash(\"md5\").update(this.email).digest(\"hex\");\n  return `https://gravatar.com/avatar/${md5}?s=${size}&d=retro`;\n};\n\n// export const User: UserType = mongoose.model<UserType>('User', userSchema);\nconst User = mongoose.model(\"User\", userSchema);\nexport default User;"]},"_coverageSchema":"332fd63041d2c1bcb487cc26dd0d5f7d97098a6c","hash":"41a64f2d984cba101aeb47354a725cefba842571"}
}
